This is XeTeX, Version 3.14159265-2.6-0.999991 (TeX Live 2019/Debian) (preloaded format=xelatex 2024.9.27)  16 DEC 2024 16:02
entering extended mode
 \write18 enabled.
 %&-line parsing enabled.
**resume.tex
(./resume.tex
LaTeX2e <2020-02-02> patch level 2
L3 programming layer <2020-02-14>
(/usr/share/texlive/texmf-dist/tex/latex/base/article.cls
Document Class: article 2019/12/20 v1.4l Standard LaTeX document class
(/usr/share/texlive/texmf-dist/tex/latex/base/size11.clo
File: size11.clo 2019/12/20 v1.4l Standard LaTeX file (size option)
)
\c@part=\count163
\c@section=\count164
\c@subsection=\count165
\c@subsubsection=\count166
\c@paragraph=\count167
\c@subparagraph=\count168
\c@figure=\count169
\c@table=\count170
\abovecaptionskip=\skip47
\belowcaptionskip=\skip48
\bibindent=\dimen134
)
(/usr/share/texlive/texmf-dist/tex/generic/babel/babel.sty
Package: babel 2020/02/14 3.40 The Babel package

(/usr/share/texlive/texmf-dist/tex/generic/babel/switch.def
File: switch.def 2020/02/14 3.40 Babel switching mechanism
)
(/usr/share/texlive/texmf-dist/tex/generic/babel-english/english.ldf
Language: english 2017/06/06 v3.3r English support from the babel system

(/usr/share/texlive/texmf-dist/tex/generic/babel/babel.def
File: babel.def 2020/02/14 3.40 Babel common definitions
\babel@savecnt=\count171
\U@D=\dimen135

(/usr/share/texlive/texmf-dist/tex/generic/babel/xebabel.def
(/usr/share/texlive/texmf-dist/tex/generic/babel/txtbabel.def))
\bbl@readstream=\read2
\bbl@dirlevel=\count172
)
Package babel Info: \l@canadian = using hyphenrules for english
(babel)             (\language0) on input line 102.
Package babel Info: \l@australian = using hyphenrules for ukenglish
(babel)             (\language35) on input line 105.
Package babel Info: \l@newzealand = using hyphenrules for ukenglish
(babel)             (\language35) on input line 108.
))
(/usr/share/texlive/texmf-dist/tex/latex/base/inputenc.sty
Package: inputenc 2018/08/11 v1.3c Input encoding file
\inpenc@prehook=\toks14
\inpenc@posthook=\toks15


Package inputenc Warning: inputenc package ignored with utf8 based engines.

) (/usr/share/texlive/texmf-dist/tex/latex/geometry/geometry.sty
Package: geometry 2020/01/02 v5.9 Page Geometry

(/usr/share/texlive/texmf-dist/tex/latex/graphics/keyval.sty
Package: keyval 2014/10/28 v1.15 key=value parser (DPC)
\KV@toks@=\toks16
)
(/usr/share/texlive/texmf-dist/tex/generic/iftex/ifvtex.sty
Package: ifvtex 2019/10/25 v1.7 ifvtex legacy package. Use iftex instead.

(/usr/share/texlive/texmf-dist/tex/generic/iftex/iftex.sty
Package: iftex 2019/11/07 v1.0c TeX engine tests
))
\Gm@cnth=\count173
\Gm@cntv=\count174
\c@Gm@tempcnt=\count175
\Gm@bindingoffset=\dimen136
\Gm@wd@mp=\dimen137
\Gm@odd@mp=\dimen138
\Gm@even@mp=\dimen139
\Gm@layoutwidth=\dimen140
\Gm@layoutheight=\dimen141
\Gm@layouthoffset=\dimen142
\Gm@layoutvoffset=\dimen143
\Gm@dimlist=\toks17
)
(/usr/share/texlive/texmf-dist/tex/latex/microtype/microtype.sty
Package: microtype 2019/11/18 v2.7d Micro-typographical refinements (RS)
\MT@toks=\toks18
\MT@count=\count176
LaTeX Info: Redefining \textls on input line 790.
\MT@outer@kern=\dimen144
LaTeX Info: Redefining \textmicrotypecontext on input line 1354.
\MT@listname@count=\count177

(/usr/share/texlive/texmf-dist/tex/latex/microtype/microtype-xetex.def
File: microtype-xetex.def 2019/11/18 v2.7d Definitions specific to xetex (RS)
LaTeX Info: Redefining \lsstyle on input line 258.
)
Package microtype Info: Loading configuration file microtype.cfg.

(/usr/share/texlive/texmf-dist/tex/latex/microtype/microtype.cfg
File: microtype.cfg 2019/11/18 v2.7d microtype main configuration file (RS)
))
(/usr/share/texlive/texmf-dist/tex/latex/setspace/setspace.sty
Package: setspace 2011/12/19 v6.7a set line spacing
)
(/usr/share/texlive/texmf-dist/tex/latex/titlesec/titlesec.sty
Package: titlesec 2019/10/16 v2.13 Sectioning titles
\ttl@box=\box45
\beforetitleunit=\skip49
\aftertitleunit=\skip50
\ttl@plus=\dimen145
\ttl@minus=\dimen146
\ttl@toksa=\toks19
\titlewidth=\dimen147
\titlewidthlast=\dimen148
\titlewidthfirst=\dimen149
)
(/usr/share/texlive/texmf-dist/tex/latex/xcolor/xcolor.sty
Package: xcolor 2016/05/11 v2.12 LaTeX color extensions (UK)

(/usr/share/texlive/texmf-dist/tex/latex/graphics-cfg/color.cfg
File: color.cfg 2016/01/02 v1.6 sample color configuration
)
Package xcolor Info: Driver file: xetex.def on input line 225.

(/usr/share/texlive/texmf-dist/tex/latex/graphics-def/xetex.def
File: xetex.def 2017/06/24 v5.0h Graphics/color driver for xetex
)
Package xcolor Info: Model `cmy' substituted by `cmy0' on input line 1348.
Package xcolor Info: Model `RGB' extended on input line 1364.
Package xcolor Info: Model `HTML' substituted by `rgb' on input line 1366.
Package xcolor Info: Model `Hsb' substituted by `hsb' on input line 1367.
Package xcolor Info: Model `tHsb' substituted by `hsb' on input line 1368.
Package xcolor Info: Model `HSB' substituted by `hsb' on input line 1369.
Package xcolor Info: Model `Gray' substituted by `gray' on input line 1370.
Package xcolor Info: Model `wave' substituted by `hsb' on input line 1371.
)
(/usr/share/texlive/texmf-dist/tex/latex/hyperref/hyperref.sty
Package: hyperref 2020/01/14 v7.00d Hypertext links for LaTeX

(/usr/share/texlive/texmf-dist/tex/generic/ltxcmds/ltxcmds.sty
Package: ltxcmds 2019/12/15 v1.24 LaTeX kernel commands for general use (HO)
)
(/usr/share/texlive/texmf-dist/tex/latex/pdftexcmds/pdftexcmds.sty
Package: pdftexcmds 2019/11/24 v0.31 Utility functions of pdfTeX for LuaTeX (HO
)

(/usr/share/texlive/texmf-dist/tex/generic/infwarerr/infwarerr.sty
Package: infwarerr 2019/12/03 v1.5 Providing info/warning/error messages (HO)
)
Package pdftexcmds Info: \pdf@primitive is available.
Package pdftexcmds Info: \pdf@ifprimitive is available.
Package pdftexcmds Info: \pdfdraftmode not found.
)
(/usr/share/texlive/texmf-dist/tex/generic/kvsetkeys/kvsetkeys.sty
Package: kvsetkeys 2019/12/15 v1.18 Key value parser (HO)
)
(/usr/share/texlive/texmf-dist/tex/generic/kvdefinekeys/kvdefinekeys.sty
Package: kvdefinekeys 2019-12-19 v1.6 Define keys (HO)
)
(/usr/share/texlive/texmf-dist/tex/generic/pdfescape/pdfescape.sty
Package: pdfescape 2019/12/09 v1.15 Implements pdfTeX's escape features (HO)
)
(/usr/share/texlive/texmf-dist/tex/latex/hycolor/hycolor.sty
Package: hycolor 2020-01-27 v1.10 Color options for hyperref/bookmark (HO)
)
(/usr/share/texlive/texmf-dist/tex/latex/letltxmacro/letltxmacro.sty
Package: letltxmacro 2019/12/03 v1.6 Let assignment for LaTeX macros (HO)
)
(/usr/share/texlive/texmf-dist/tex/latex/auxhook/auxhook.sty
Package: auxhook 2019-12-17 v1.6 Hooks for auxiliary files (HO)
)
(/usr/share/texlive/texmf-dist/tex/latex/kvoptions/kvoptions.sty
Package: kvoptions 2019/11/29 v3.13 Key value format for package options (HO)
)
\@linkdim=\dimen150
\Hy@linkcounter=\count178
\Hy@pagecounter=\count179

(/usr/share/texlive/texmf-dist/tex/latex/hyperref/pd1enc.def
File: pd1enc.def 2020/01/14 v7.00d Hyperref: PDFDocEncoding definition (HO)
)
(/usr/share/texlive/texmf-dist/tex/generic/intcalc/intcalc.sty
Package: intcalc 2019/12/15 v1.3 Expandable calculations with integers (HO)
)
(/usr/share/texlive/texmf-dist/tex/generic/etexcmds/etexcmds.sty
Package: etexcmds 2019/12/15 v1.7 Avoid name clashes with e-TeX commands (HO)
)
\Hy@SavedSpaceFactor=\count180
Package hyperref Info: Hyper figures OFF on input line 4547.
Package hyperref Info: Link nesting OFF on input line 4552.
Package hyperref Info: Hyper index ON on input line 4555.
Package hyperref Info: Plain pages OFF on input line 4562.
Package hyperref Info: Backreferencing OFF on input line 4567.
Package hyperref Info: Implicit mode ON; LaTeX internals redefined.
Package hyperref Info: Bookmarks ON on input line 4800.
\c@Hy@tempcnt=\count181

(/usr/share/texlive/texmf-dist/tex/latex/url/url.sty
\Urlmuskip=\muskip16
Package: url 2013/09/16  ver 3.4  Verb mode for urls, etc.
)
LaTeX Info: Redefining \url on input line 5159.
\XeTeXLinkMargin=\dimen151

(/usr/share/texlive/texmf-dist/tex/generic/bitset/bitset.sty
Package: bitset 2019/12/09 v1.3 Handle bit-vector datatype (HO)

(/usr/share/texlive/texmf-dist/tex/generic/bigintcalc/bigintcalc.sty
Package: bigintcalc 2019/12/15 v1.5 Expandable calculations on big integers (HO
)
))
\Fld@menulength=\count182
\Field@Width=\dimen152
\Fld@charsize=\dimen153
Package hyperref Info: Hyper figures OFF on input line 6430.
Package hyperref Info: Link nesting OFF on input line 6435.
Package hyperref Info: Hyper index ON on input line 6438.
Package hyperref Info: backreferencing OFF on input line 6445.
Package hyperref Info: Link coloring OFF on input line 6450.
Package hyperref Info: Link coloring with OCG OFF on input line 6455.
Package hyperref Info: PDF/A mode OFF on input line 6460.
LaTeX Info: Redefining \ref on input line 6500.
LaTeX Info: Redefining \pageref on input line 6504.

(/usr/share/texlive/texmf-dist/tex/generic/atbegshi/atbegshi.sty
Package: atbegshi 2019/12/05 v1.19 At begin shipout hook (HO)
)
\Hy@abspage=\count183
\c@Item=\count184
\c@Hfootnote=\count185
)
Package hyperref Info: Driver (autodetected): hxetex.

(/usr/share/texlive/texmf-dist/tex/latex/hyperref/hxetex.def
File: hxetex.def 2020/01/14 v7.00d Hyperref driver for XeTeX

(/usr/share/texlive/texmf-dist/tex/latex/hyperref/puenc.def
File: puenc.def 2020/01/14 v7.00d Hyperref: PDF Unicode definition (HO)
)
(/usr/share/texlive/texmf-dist/tex/generic/stringenc/stringenc.sty
Package: stringenc 2019/11/29 v1.12 Convert strings between diff. encodings (HO
)
)
\pdfm@box=\box46
\c@Hy@AnnotLevel=\count186
\HyField@AnnotCount=\count187
\Fld@listcount=\count188
\c@bookmark@seq@number=\count189

(/usr/share/texlive/texmf-dist/tex/latex/rerunfilecheck/rerunfilecheck.sty
Package: rerunfilecheck 2019/12/05 v1.9 Rerun checks for auxiliary files (HO)

(/usr/share/texlive/texmf-dist/tex/latex/atveryend/atveryend.sty
Package: atveryend 2019-12-11 v1.11 Hooks at the very end of document (HO)
Package atveryend Info: \enddocument detected (standard20110627).
)
(/usr/share/texlive/texmf-dist/tex/generic/uniquecounter/uniquecounter.sty
Package: uniquecounter 2019/12/15 v1.4 Provide unlimited unique counter (HO)
)
Package uniquecounter Info: New unique counter `rerunfilecheck' on input line 2
86.
)
\Hy@SectionHShift=\skip51
)
(/usr/share/texlive/texmf-dist/tex/latex/changepage/changepage.sty
Package: changepage 2009/10/20 v1.0c check page and change page layout
\c@cp@cntr=\count190
\cp@tempcnt=\count191
)
(/usr/share/texlive/texmf-dist/tex/latex/framed/framed.sty
Package: framed 2011/10/22 v 0.96: framed or shaded text with page breaks
\OuterFrameSep=\skip52
\fb@frw=\dimen154
\fb@frh=\dimen155
\FrameRule=\dimen156
\FrameSep=\dimen157
)
(/usr/share/texlive/texmf-dist/tex/latex/tools/tabularx.sty
Package: tabularx 2020/01/15 v2.11c `tabularx' package (DPC)

(/usr/share/texlive/texmf-dist/tex/latex/tools/array.sty
Package: array 2019/08/31 v2.4l Tabular extension package (FMi)
\col@sep=\dimen158
\ar@mcellbox=\box47
\extrarowheight=\dimen159
\NC@list=\toks20
\extratabsurround=\skip53
\backup@length=\skip54
\ar@cellbox=\box48
)
\TX@col@width=\dimen160
\TX@old@table=\dimen161
\TX@old@col=\dimen162
\TX@target=\dimen163
\TX@delta=\dimen164
\TX@cols=\count192
\TX@ftn=\toks21
)

LaTeX Warning: You have requested package `',
               but the package provides `montserrat'.

Package: montserrat 
(/usr/share/texlive/texmf-dist/tex/latex/fontspec/fontspec.sty
(/usr/share/texlive/texmf-dist/tex/latex/l3packages/xparse/xparse.sty
(/usr/share/texlive/texmf-dist/tex/latex/l3kernel/expl3.sty
Package: expl3 2020-02-14 L3 programming layer (loader) 

(/usr/share/texlive/texmf-dist/tex/latex/l3backend/l3backend-xdvipdfmx.def
File: l3backend-xdvipdfmx.def 2020-02-03 L3 backend support: xdvipdfmx
\g__graphics_track_int=\count193
\l__pdf_internal_box=\box49
\g__pdf_backend_object_int=\count194
\g__pdf_backend_annotation_int=\count195
))
Package: xparse 2020-02-14 L3 Experimental document command parser
\l__xparse_current_arg_int=\count196
\g__xparse_grabber_int=\count197
\l__xparse_m_args_int=\count198
\l__xparse_v_nesting_int=\count199
)
Package: fontspec 2020/02/03 v2.7h Font selection for XeLaTeX and LuaLaTeX

(/usr/share/texlive/texmf-dist/tex/latex/fontspec/fontspec-xetex.sty
Package: fontspec-xetex 2020/02/03 v2.7h Font selection for XeLaTeX and LuaLaTe
X
\l__fontspec_script_int=\count266
\l__fontspec_language_int=\count267
\l__fontspec_strnum_int=\count268
\l__fontspec_tmp_int=\count269
\l__fontspec_tmpa_int=\count270
\l__fontspec_tmpb_int=\count271
\l__fontspec_tmpc_int=\count272
\l__fontspec_em_int=\count273
\l__fontspec_emdef_int=\count274
\l__fontspec_strong_int=\count275
\l__fontspec_strongdef_int=\count276
\l__fontspec_tmpa_dim=\dimen165
\l__fontspec_tmpb_dim=\dimen166
\l__fontspec_tmpc_dim=\dimen167

(/usr/share/texlive/texmf-dist/tex/latex/base/fontenc.sty
Package: fontenc 2020/02/11 v2.0o Standard LaTeX package
)
(/usr/share/texlive/texmf-dist/tex/latex/fontspec/fontspec.cfg)))
(/usr/share/texlive/texmf-dist/tex/latex/tools/multicol.sty
Package: multicol 2019/12/09 v1.8y multicolumn formatting (FMi)
\c@tracingmulticols=\count277
\mult@box=\box50
\multicol@leftmargin=\dimen168
\c@unbalance=\count278
\c@collectmore=\count279
\doublecol@number=\count280
\multicoltolerance=\count281
\multicolpretolerance=\count282
\full@width=\dimen169
\page@free=\dimen170
\premulticols=\dimen171
\postmulticols=\dimen172
\multicolsep=\skip55
\multicolbaselineskip=\skip56
\partial@page=\box51
\last@line=\box52
\maxbalancingoverflow=\dimen173
\mult@rightbox=\box53
\mult@grightbox=\box54
\mult@gfirstbox=\box55
\mult@firstbox=\box56
\@tempa=\box57
\@tempa=\box58
\@tempa=\box59
\@tempa=\box60
\@tempa=\box61
\@tempa=\box62
\@tempa=\box63
\@tempa=\box64
\@tempa=\box65
\@tempa=\box66
\@tempa=\box67
\@tempa=\box68
\@tempa=\box69
\@tempa=\box70
\@tempa=\box71
\@tempa=\box72
\@tempa=\box73
\@tempa=\box74
\@tempa=\box75
\@tempa=\box76
\@tempa=\box77
\@tempa=\box78
\@tempa=\box79
\@tempa=\box80
\@tempa=\box81
\@tempa=\box82
\@tempa=\box83
\@tempa=\box84
\@tempa=\box85
\@tempa=\box86
\@tempa=\box87
\@tempa=\box88
\@tempa=\box89
\@tempa=\box90
\@tempa=\box91
\@tempa=\box92
\@tempa=\box93
\c@minrows=\count283
\c@columnbadness=\count284
\c@finalcolumnbadness=\count285
\last@try=\dimen174
\multicolovershoot=\dimen175
\multicolundershoot=\dimen176
\mult@nat@firstbox=\box94
\colbreak@box=\box95
\mc@col@check@num=\count286
)
(/usr/share/texlive/texmf-dist/tex/latex/tools/xspace.sty
Package: xspace 2014/10/28 v1.13 Space after command names (DPC,MH)
)
(/usr/share/texlive/texmf-dist/tex/latex/enumitem/enumitem.sty
Package: enumitem 2019/06/20 v3.9 Customized lists
\labelindent=\skip57
\enit@outerparindent=\dimen177
\enit@toks=\toks22
\enit@inbox=\box96
\enit@count@id=\count287
\enitdp@description=\count288
)

Package fontspec Info: Font family 'Montserrat' created for font 'Montserrat'
(fontspec)             with options [NFSSFamily=Montserrat,Extension =
(fontspec)             .otf,Ligatures = TeX,UprightFont = *-Regular,BoldFont =
(fontspec)             *-Bold,ItalicFont = *-Italic,BoldItalicFont =
(fontspec)             *-BoldItalic,FontFace={xl}{n}{*-ExtraLight},FontFace={xl
}{it}{*-ExtraLightItalic},FontFace={l}{n}{*-Light},FontFace={l}{it}{*-LightItal
ic},FontFace={mb}{n}{*-Medium},FontFace={mb}{it}{*-MediumItalic},FontFace={k}{n
}{*-Black},FontFace={k}{it}{*-BlackItalic}].
(fontspec)              
(fontspec)              This font family consists of the following NFSS
(fontspec)             series/shapes:
(fontspec)              
(fontspec)             - (xl/n) with NFSS spec.:
(fontspec)             <->"[Montserrat-ExtraLight.otf]/OT:script=latn;language=
dflt;mapping=tex-text;"
(fontspec)             -  (xl/sc) with NFSS spec.:
(fontspec)             <->"[Montserrat-ExtraLight.otf]/OT:script=latn;language=
dflt;+smcp;mapping=tex-text;"
(fontspec)             - (xl/it) with NFSS spec.:
(fontspec)             <->"[Montserrat-ExtraLightItalic.otf]/OT:script=latn;lan
guage=dflt;mapping=tex-text;"
(fontspec)             -  (xl/scit) with NFSS spec.:
(fontspec)             <->"[Montserrat-ExtraLightItalic.otf]/OT:script=latn;lan
guage=dflt;+smcp;mapping=tex-text;"
(fontspec)             - (l/n) with NFSS spec.:
(fontspec)             <->"[Montserrat-Light.otf]/OT:script=latn;language=dflt;
mapping=tex-text;"
(fontspec)             -  (l/sc) with NFSS spec.:
(fontspec)             <->"[Montserrat-Light.otf]/OT:script=latn;language=dflt;
+smcp;mapping=tex-text;"
(fontspec)             - (l/it) with NFSS spec.:
(fontspec)             <->"[Montserrat-LightItalic.otf]/OT:script=latn;language
=dflt;mapping=tex-text;"
(fontspec)             -  (l/scit) with NFSS spec.:
(fontspec)             <->"[Montserrat-LightItalic.otf]/OT:script=latn;language
=dflt;+smcp;mapping=tex-text;"
(fontspec)             - (mb/n) with NFSS spec.:
(fontspec)             <->"[Montserrat-Medium.otf]/OT:script=latn;language=dflt
;mapping=tex-text;"
(fontspec)             -  (mb/sc) with NFSS spec.:
(fontspec)             <->"[Montserrat-Medium.otf]/OT:script=latn;language=dflt
;+smcp;mapping=tex-text;"
(fontspec)             - (mb/it) with NFSS spec.:
(fontspec)             <->"[Montserrat-MediumItalic.otf]/OT:script=latn;languag
e=dflt;mapping=tex-text;"
(fontspec)             -  (mb/scit) with NFSS spec.:
(fontspec)             <->"[Montserrat-MediumItalic.otf]/OT:script=latn;languag
e=dflt;+smcp;mapping=tex-text;"
(fontspec)             - (k/n) with NFSS spec.:
(fontspec)             <->"[Montserrat-Black.otf]/OT:script=latn;language=dflt;
mapping=tex-text;"
(fontspec)             -  (k/sc) with NFSS spec.:
(fontspec)             <->"[Montserrat-Black.otf]/OT:script=latn;language=dflt;
+smcp;mapping=tex-text;"
(fontspec)             - (k/it) with NFSS spec.:
(fontspec)             <->"[Montserrat-BlackItalic.otf]/OT:script=latn;language
=dflt;mapping=tex-text;"
(fontspec)             -  (k/scit) with NFSS spec.:
(fontspec)             <->"[Montserrat-BlackItalic.otf]/OT:script=latn;language
=dflt;+smcp;mapping=tex-text;"
(fontspec)             - 'normal' (m/n) with NFSS spec.:
(fontspec)             <->"[Montserrat-Regular.otf]/OT:script=latn;language=dfl
t;mapping=tex-text;"
(fontspec)             - 'small caps'  (m/sc) with NFSS spec.:
(fontspec)             <->"[Montserrat-Regular.otf]/OT:script=latn;language=dfl
t;+smcp;mapping=tex-text;"
(fontspec)             - 'bold' (b/n) with NFSS spec.:
(fontspec)             <->"[Montserrat-Bold.otf]/OT:script=latn;language=dflt;m
apping=tex-text;"
(fontspec)             - 'bold small caps'  (b/sc) with NFSS spec.:
(fontspec)             <->"[Montserrat-Bold.otf]/OT:script=latn;language=dflt;+
smcp;mapping=tex-text;"
(fontspec)             - 'italic' (m/it) with NFSS spec.:
(fontspec)             <->"[Montserrat-Italic.otf]/OT:script=latn;language=dflt
;mapping=tex-text;"
(fontspec)             - 'italic small caps'  (m/scit) with NFSS spec.:
(fontspec)             <->"[Montserrat-Italic.otf]/OT:script=latn;language=dflt
;+smcp;mapping=tex-text;"
(fontspec)             - 'bold italic' (b/it) with NFSS spec.:
(fontspec)             <->"[Montserrat-BoldItalic.otf]/OT:script=latn;language=
dflt;mapping=tex-text;"
(fontspec)             - 'bold italic small caps'  (b/scit) with NFSS spec.:
(fontspec)             <->"[Montserrat-BoldItalic.otf]/OT:script=latn;language=
dflt;+smcp;mapping=tex-text;"


Package fontspec Info: Font family 'Montserrat(0)' created for font
(fontspec)             'Montserrat' with options [Ligatures=TeX,Path =
(fontspec)             ./fonts/,Extension = .otf,UprightFont =
(fontspec)             *-Medium,BoldFont = *-Medium,ItalicFont =
(fontspec)             *-MediumItalic,BoldItalicFont =
(fontspec)             *-MediumItalic,Ligatures = TeX,Scale =
(fontspec)             1.0,FontFace={xl}{n}{*-ExtraLight},FontFace={xl}{it}{*-E
xtraLightItalic},FontFace={l}{n}{*-Regular},FontFace={l}{it}{*-LightItalic},Fon
tFace={mb}{n}{*-Medium},FontFace={mb}{it}{*-MediumItalic},FontFace={sb}{n}{*-Se
miBold},FontFace={sb}{it}{*-SemiBoldItalic},FontFace={k}{n}{*-Bold},FontFace={k
}{it}{*-BoldItalic}].
(fontspec)              
(fontspec)              This font family consists of the following NFSS
(fontspec)             series/shapes:
(fontspec)              
(fontspec)             - (xl/n) with NFSS spec.:
(fontspec)             <->s*[1.0]"[./fonts/Montserrat-ExtraLight.otf]/OT:script
=latn;language=dflt;mapping=tex-text;"
(fontspec)             -  (xl/sc) with NFSS spec.:
(fontspec)             <->s*[1.0]"[./fonts/Montserrat-ExtraLight.otf]/OT:script
=latn;language=dflt;+smcp;mapping=tex-text;"
(fontspec)             - (xl/it) with NFSS spec.:
(fontspec)             <->s*[1.0]"[./fonts/Montserrat-ExtraLightItalic.otf]/OT:
script=latn;language=dflt;mapping=tex-text;"
(fontspec)             -  (xl/scit) with NFSS spec.:
(fontspec)             <->s*[1.0]"[./fonts/Montserrat-ExtraLightItalic.otf]/OT:
script=latn;language=dflt;+smcp;mapping=tex-text;"
(fontspec)             - (l/n) with NFSS spec.:
(fontspec)             <->s*[1.0]"[./fonts/Montserrat-Regular.otf]/OT:script=la
tn;language=dflt;mapping=tex-text;"
(fontspec)             -  (l/sc) with NFSS spec.:
(fontspec)             <->s*[1.0]"[./fonts/Montserrat-Regular.otf]/OT:script=la
tn;language=dflt;+smcp;mapping=tex-text;"
(fontspec)             - (l/it) with NFSS spec.:
(fontspec)             <->s*[1.0]"[./fonts/Montserrat-LightItalic.otf]/OT:scrip
t=latn;language=dflt;mapping=tex-text;"
(fontspec)             -  (l/scit) with NFSS spec.:
(fontspec)             <->s*[1.0]"[./fonts/Montserrat-LightItalic.otf]/OT:scrip
t=latn;language=dflt;+smcp;mapping=tex-text;"
(fontspec)             - (mb/n) with NFSS spec.:
(fontspec)             <->s*[1.0]"[./fonts/Montserrat-Medium.otf]/OT:script=lat
n;language=dflt;mapping=tex-text;"
(fontspec)             -  (mb/sc) with NFSS spec.:
(fontspec)             <->s*[1.0]"[./fonts/Montserrat-Medium.otf]/OT:script=lat
n;language=dflt;+smcp;mapping=tex-text;"
(fontspec)             - (mb/it) with NFSS spec.:
(fontspec)             <->s*[1.0]"[./fonts/Montserrat-MediumItalic.otf]/OT:scri
pt=latn;language=dflt;mapping=tex-text;"
(fontspec)             -  (mb/scit) with NFSS spec.:
(fontspec)             <->s*[1.0]"[./fonts/Montserrat-MediumItalic.otf]/OT:scri
pt=latn;language=dflt;+smcp;mapping=tex-text;"
(fontspec)             - (sb/n) with NFSS spec.:
(fontspec)             <->s*[1.0]"[./fonts/Montserrat-SemiBold.otf]/OT:script=l
atn;language=dflt;mapping=tex-text;"
(fontspec)             -  (sb/sc) with NFSS spec.:
(fontspec)             <->s*[1.0]"[./fonts/Montserrat-SemiBold.otf]/OT:script=l
atn;language=dflt;+smcp;mapping=tex-text;"
(fontspec)             - (sb/it) with NFSS spec.:
(fontspec)             <->s*[1.0]"[./fonts/Montserrat-SemiBoldItalic.otf]/OT:sc
ript=latn;language=dflt;mapping=tex-text;"
(fontspec)             -  (sb/scit) with NFSS spec.:
(fontspec)             <->s*[1.0]"[./fonts/Montserrat-SemiBoldItalic.otf]/OT:sc
ript=latn;language=dflt;+smcp;mapping=tex-text;"
(fontspec)             - (k/n) with NFSS spec.:
(fontspec)             <->s*[1.0]"[./fonts/Montserrat-Bold.otf]/OT:script=latn;
language=dflt;mapping=tex-text;"
(fontspec)             -  (k/sc) with NFSS spec.:
(fontspec)             <->s*[1.0]"[./fonts/Montserrat-Bold.otf]/OT:script=latn;
language=dflt;+smcp;mapping=tex-text;"
(fontspec)             - (k/it) with NFSS spec.:
(fontspec)             <->s*[1.0]"[./fonts/Montserrat-BoldItalic.otf]/OT:script
=latn;language=dflt;mapping=tex-text;"
(fontspec)             -  (k/scit) with NFSS spec.:
(fontspec)             <->s*[1.0]"[./fonts/Montserrat-BoldItalic.otf]/OT:script
=latn;language=dflt;+smcp;mapping=tex-text;"
(fontspec)             - 'normal' (m/n) with NFSS spec.:
(fontspec)             <->s*[1.0]"[./fonts/Montserrat-Medium.otf]/OT:script=lat
n;language=dflt;mapping=tex-text;"
(fontspec)             - 'small caps'  (m/sc) with NFSS spec.:
(fontspec)             <->s*[1.0]"[./fonts/Montserrat-Medium.otf]/OT:script=lat
n;language=dflt;+smcp;mapping=tex-text;"
(fontspec)             - 'bold' (b/n) with NFSS spec.:
(fontspec)             <->s*[1.0]"[./fonts/Montserrat-Medium.otf]/OT:script=lat
n;language=dflt;mapping=tex-text;"
(fontspec)             - 'bold small caps'  (b/sc) with NFSS spec.:
(fontspec)             <->s*[1.0]"[./fonts/Montserrat-Medium.otf]/OT:script=lat
n;language=dflt;+smcp;mapping=tex-text;"
(fontspec)             - 'italic' (m/it) with NFSS spec.:
(fontspec)             <->s*[1.0]"[./fonts/Montserrat-MediumItalic.otf]/OT:scri
pt=latn;language=dflt;mapping=tex-text;"
(fontspec)             - 'italic small caps'  (m/scit) with NFSS spec.:
(fontspec)             <->s*[1.0]"[./fonts/Montserrat-MediumItalic.otf]/OT:scri
pt=latn;language=dflt;+smcp;mapping=tex-text;"
(fontspec)             - 'bold italic' (b/it) with NFSS spec.:
(fontspec)             <->s*[1.0]"[./fonts/Montserrat-MediumItalic.otf]/OT:scri
pt=latn;language=dflt;mapping=tex-text;"
(fontspec)             - 'bold italic small caps'  (b/scit) with NFSS spec.:
(fontspec)             <->s*[1.0]"[./fonts/Montserrat-MediumItalic.otf]/OT:scri
pt=latn;language=dflt;+smcp;mapping=tex-text;"

LaTeX Font Info:    Font shape `TU/Montserrat(0)/m/n' will be
(Font)              scaled to size 10.95pt on input line 76.
\enitdp@myitemize=\count289

(/usr/share/texlive/texmf-dist/tex/generic/stringenc/se-ascii-print.def
File: se-ascii-print.def 2019/11/29 v1.12 stringenc: Printable ASCII characters

)
(./resume.aux)
\openout1 = `resume.aux'.

LaTeX Font Info:    Checking defaults for OML/cmm/m/it on input line 228.
LaTeX Font Info:    ... okay on input line 228.
LaTeX Font Info:    Checking defaults for OMS/cmsy/m/n on input line 228.
LaTeX Font Info:    ... okay on input line 228.
LaTeX Font Info:    Checking defaults for OT1/cmr/m/n on input line 228.
LaTeX Font Info:    ... okay on input line 228.
LaTeX Font Info:    Checking defaults for T1/cmr/m/n on input line 228.
LaTeX Font Info:    ... okay on input line 228.
LaTeX Font Info:    Checking defaults for TS1/cmr/m/n on input line 228.
LaTeX Font Info:    Trying to load font information for TS1+cmr on input line 2
28.
 (/usr/share/texlive/texmf-dist/tex/latex/base/ts1cmr.fd
File: ts1cmr.fd 2019/12/16 v2.5j Standard LaTeX font definitions
)
LaTeX Font Info:    ... okay on input line 228.
LaTeX Font Info:    Checking defaults for TU/lmr/m/n on input line 228.
LaTeX Font Info:    ... okay on input line 228.
LaTeX Font Info:    Checking defaults for OMX/cmex/m/n on input line 228.
LaTeX Font Info:    ... okay on input line 228.
LaTeX Font Info:    Checking defaults for U/cmr/m/n on input line 228.
LaTeX Font Info:    ... okay on input line 228.
LaTeX Font Info:    Checking defaults for PD1/pdf/m/n on input line 228.
LaTeX Font Info:    ... okay on input line 228.
LaTeX Font Info:    Checking defaults for PU/pdf/m/n on input line 228.
LaTeX Font Info:    ... okay on input line 228.

*geometry* driver: auto-detecting
*geometry* detected driver: xetex
*geometry* verbose mode - [ preamble ] result:
* driver: xetex
* paper: a4paper
* layout: <same size as paper>
* layoutoffset:(h,v)=(0.0pt,0.0pt)
* modes: 
* h-part:(L,W,R)=(19.91684pt, 557.6742pt, 19.91684pt)
* v-part:(T,H,B)=(19.91684pt, 805.21317pt, 19.91684pt)
* \paperwidth=597.50787pt
* \paperheight=845.04684pt
* \textwidth=557.6742pt
* \textheight=805.21317pt
* \oddsidemargin=-52.35315pt
* \evensidemargin=-52.35315pt
* \topmargin=-89.35315pt
* \headheight=12.0pt
* \headsep=25.0pt
* \topskip=11.0pt
* \footskip=30.0pt
* \marginparwidth=50.0pt
* \marginparsep=10.0pt
* \columnsep=10.0pt
* \skip\footins=10.0pt plus 4.0pt minus 2.0pt
* \hoffset=0.0pt
* \voffset=0.0pt
* \mag=1000
* \@twocolumnfalse
* \@twosidefalse
* \@mparswitchfalse
* \@reversemarginfalse
* (1in=72.27pt=25.4mm, 1cm=28.453pt)

LaTeX Info: Redefining \microtypecontext on input line 228.
Package microtype Info: Character protrusion enabled (level 2).
Package microtype Info: Using default protrusion set `alltext'.
Package microtype Info: No adjustment of tracking.
Package microtype Info: No adjustment of spacing.
Package microtype Info: No adjustment of kerning.
Package microtype Info: Loading generic protrusion settings for font family
(microtype)             `Montserrat' (encoding: TU).
(microtype)             For optimal results, create family-specific settings.
(microtype)             See the microtype manual for details.
\AtBeginShipoutBox=\box97
Package hyperref Info: Link coloring OFF on input line 228.
(/usr/share/texlive/texmf-dist/tex/latex/hyperref/nameref.sty
Package: nameref 2019/09/16 v2.46 Cross-referencing by name of section

(/usr/share/texlive/texmf-dist/tex/latex/refcount/refcount.sty
Package: refcount 2019/12/15 v3.6 Data extraction from label references (HO)
)
(/usr/share/texlive/texmf-dist/tex/generic/gettitlestring/gettitlestring.sty
Package: gettitlestring 2019/12/15 v1.6 Cleanup title references (HO)
)
\c@section@level=\count290
)
LaTeX Info: Redefining \ref on input line 228.
LaTeX Info: Redefining \pageref on input line 228.
LaTeX Info: Redefining \nameref on input line 228.
\@outlinefile=\write3
\openout3 = `resume.out'.



Package hyperref Warning: Rerun to get /PageLabels entry.


Package fontspec Info: Adjusting the maths setup (use [no-math] to avoid
(fontspec)             this).

\symlegacymaths=\mathgroup4
LaTeX Font Info:    Overwriting symbol font `legacymaths' in version `bold'
(Font)                  OT1/cmr/m/n --> OT1/cmr/bx/n on input line 228.
LaTeX Font Info:    Redeclaring math accent \acute on input line 228.
LaTeX Font Info:    Redeclaring math accent \grave on input line 228.
LaTeX Font Info:    Redeclaring math accent \ddot on input line 228.
LaTeX Font Info:    Redeclaring math accent \tilde on input line 228.
LaTeX Font Info:    Redeclaring math accent \bar on input line 228.
LaTeX Font Info:    Redeclaring math accent \breve on input line 228.
LaTeX Font Info:    Redeclaring math accent \check on input line 228.
LaTeX Font Info:    Redeclaring math accent \hat on input line 228.
LaTeX Font Info:    Redeclaring math accent \dot on input line 228.
LaTeX Font Info:    Redeclaring math accent \mathring on input line 228.
LaTeX Font Info:    Redeclaring math symbol \colon on input line 228.
LaTeX Font Info:    Redeclaring math symbol \Gamma on input line 228.
LaTeX Font Info:    Redeclaring math symbol \Delta on input line 228.
LaTeX Font Info:    Redeclaring math symbol \Theta on input line 228.
LaTeX Font Info:    Redeclaring math symbol \Lambda on input line 228.
LaTeX Font Info:    Redeclaring math symbol \Xi on input line 228.
LaTeX Font Info:    Redeclaring math symbol \Pi on input line 228.
LaTeX Font Info:    Redeclaring math symbol \Sigma on input line 228.
LaTeX Font Info:    Redeclaring math symbol \Upsilon on input line 228.
LaTeX Font Info:    Redeclaring math symbol \Phi on input line 228.
LaTeX Font Info:    Redeclaring math symbol \Psi on input line 228.
LaTeX Font Info:    Redeclaring math symbol \Omega on input line 228.
LaTeX Font Info:    Redeclaring math symbol \mathdollar on input line 228.
LaTeX Font Info:    Redeclaring symbol font `operators' on input line 228.
LaTeX Font Info:    Encoding `OT1' has changed to `TU' for symbol font
(Font)              `operators' in the math version `normal' on input line 228.

LaTeX Font Info:    Overwriting symbol font `operators' in version `normal'
(Font)                  OT1/cmr/m/n --> TU/Montserrat(0)/m/n on input line 228.

LaTeX Font Info:    Encoding `OT1' has changed to `TU' for symbol font
(Font)              `operators' in the math version `bold' on input line 228.
LaTeX Font Info:    Overwriting symbol font `operators' in version `bold'
(Font)                  OT1/cmr/bx/n --> TU/Montserrat(0)/m/n on input line 228
.
LaTeX Font Info:    Overwriting symbol font `operators' in version `normal'
(Font)                  TU/Montserrat(0)/m/n --> TU/Montserrat(0)/m/n on input 
line 228.
LaTeX Font Info:    Overwriting math alphabet `\mathit' in version `normal'
(Font)                  OT1/cmr/m/it --> TU/Montserrat(0)/m/it on input line 22
8.
LaTeX Font Info:    Overwriting math alphabet `\mathbf' in version `normal'
(Font)                  OT1/cmr/bx/n --> TU/Montserrat(0)/b/n on input line 228
.
LaTeX Font Info:    Overwriting math alphabet `\mathsf' in version `normal'
(Font)                  OT1/cmss/m/n --> TU/lmss/m/n on input line 228.
LaTeX Font Info:    Overwriting math alphabet `\mathtt' in version `normal'
(Font)                  OT1/cmtt/m/n --> TU/lmtt/m/n on input line 228.
LaTeX Font Info:    Overwriting symbol font `operators' in version `bold'
(Font)                  TU/Montserrat(0)/m/n --> TU/Montserrat(0)/b/n on input 
line 228.
LaTeX Font Info:    Overwriting math alphabet `\mathit' in version `bold'
(Font)                  OT1/cmr/bx/it --> TU/Montserrat(0)/b/it on input line 2
28.
LaTeX Font Info:    Overwriting math alphabet `\mathsf' in version `bold'
(Font)                  OT1/cmss/bx/n --> TU/lmss/b/n on input line 228.
LaTeX Font Info:    Overwriting math alphabet `\mathtt' in version `bold'
(Font)                  OT1/cmtt/m/n --> TU/lmtt/b/n on input line 228.
LaTeX Font Info:    Font shape `TU/Montserrat(0)/k/n' will be
(Font)              scaled to size 10.95pt on input line 232.

Package fontspec Info: Font family 'Montserrat(1)' created for font
(fontspec)             'Montserrat' with options [Ligatures=TeX,Path =
(fontspec)             ./fonts/,Extension = .otf,UprightFont =
(fontspec)             *-Medium,BoldFont = *-Medium,ItalicFont =
(fontspec)             *-MediumItalic,BoldItalicFont =
(fontspec)             *-MediumItalic,Ligatures = TeX,Scale =
(fontspec)             1.0,FontFace={xl}{n}{*-ExtraLight},FontFace={xl}{it}{*-E
xtraLightItalic},FontFace={l}{n}{*-Regular},FontFace={l}{it}{*-LightItalic},Fon
tFace={mb}{n}{*-Medium},FontFace={mb}{it}{*-MediumItalic},FontFace={sb}{n}{*-Se
miBold},FontFace={sb}{it}{*-SemiBoldItalic},FontFace={k}{n}{*-Bold},FontFace={k
}{it}{*-BoldItalic},LetterSpace=12.0].
(fontspec)              
(fontspec)              This font family consists of the following NFSS
(fontspec)             series/shapes:
(fontspec)              
(fontspec)             - (xl/n) with NFSS spec.:
(fontspec)             <->s*[1.0]"[./fonts/Montserrat-ExtraLight.otf]/OT:script
=latn;language=dflt;letterspace=12.0;mapping=tex-text;"
(fontspec)             -  (xl/sc) with NFSS spec.:
(fontspec)             <->s*[1.0]"[./fonts/Montserrat-ExtraLight.otf]/OT:script
=latn;language=dflt;letterspace=12.0;+smcp;mapping=tex-text;"
(fontspec)             - (xl/it) with NFSS spec.:
(fontspec)             <->s*[1.0]"[./fonts/Montserrat-ExtraLightItalic.otf]/OT:
script=latn;language=dflt;letterspace=12.0;mapping=tex-text;"
(fontspec)             -  (xl/scit) with NFSS spec.:
(fontspec)             <->s*[1.0]"[./fonts/Montserrat-ExtraLightItalic.otf]/OT:
script=latn;language=dflt;letterspace=12.0;+smcp;mapping=tex-text;"
(fontspec)             - (l/n) with NFSS spec.:
(fontspec)             <->s*[1.0]"[./fonts/Montserrat-Regular.otf]/OT:script=la
tn;language=dflt;letterspace=12.0;mapping=tex-text;"
(fontspec)             -  (l/sc) with NFSS spec.:
(fontspec)             <->s*[1.0]"[./fonts/Montserrat-Regular.otf]/OT:script=la
tn;language=dflt;letterspace=12.0;+smcp;mapping=tex-text;"
(fontspec)             - (l/it) with NFSS spec.:
(fontspec)             <->s*[1.0]"[./fonts/Montserrat-LightItalic.otf]/OT:scrip
t=latn;language=dflt;letterspace=12.0;mapping=tex-text;"
(fontspec)             -  (l/scit) with NFSS spec.:
(fontspec)             <->s*[1.0]"[./fonts/Montserrat-LightItalic.otf]/OT:scrip
t=latn;language=dflt;letterspace=12.0;+smcp;mapping=tex-text;"
(fontspec)             - (mb/n) with NFSS spec.:
(fontspec)             <->s*[1.0]"[./fonts/Montserrat-Medium.otf]/OT:script=lat
n;language=dflt;letterspace=12.0;mapping=tex-text;"
(fontspec)             -  (mb/sc) with NFSS spec.:
(fontspec)             <->s*[1.0]"[./fonts/Montserrat-Medium.otf]/OT:script=lat
n;language=dflt;letterspace=12.0;+smcp;mapping=tex-text;"
(fontspec)             - (mb/it) with NFSS spec.:
(fontspec)             <->s*[1.0]"[./fonts/Montserrat-MediumItalic.otf]/OT:scri
pt=latn;language=dflt;letterspace=12.0;mapping=tex-text;"
(fontspec)             -  (mb/scit) with NFSS spec.:
(fontspec)             <->s*[1.0]"[./fonts/Montserrat-MediumItalic.otf]/OT:scri
pt=latn;language=dflt;letterspace=12.0;+smcp;mapping=tex-text;"
(fontspec)             - (sb/n) with NFSS spec.:
(fontspec)             <->s*[1.0]"[./fonts/Montserrat-SemiBold.otf]/OT:script=l
atn;language=dflt;letterspace=12.0;mapping=tex-text;"
(fontspec)             -  (sb/sc) with NFSS spec.:
(fontspec)             <->s*[1.0]"[./fonts/Montserrat-SemiBold.otf]/OT:script=l
atn;language=dflt;letterspace=12.0;+smcp;mapping=tex-text;"
(fontspec)             - (sb/it) with NFSS spec.:
(fontspec)             <->s*[1.0]"[./fonts/Montserrat-SemiBoldItalic.otf]/OT:sc
ript=latn;language=dflt;letterspace=12.0;mapping=tex-text;"
(fontspec)             -  (sb/scit) with NFSS spec.:
(fontspec)             <->s*[1.0]"[./fonts/Montserrat-SemiBoldItalic.otf]/OT:sc
ript=latn;language=dflt;letterspace=12.0;+smcp;mapping=tex-text;"
(fontspec)             - (k/n) with NFSS spec.:
(fontspec)             <->s*[1.0]"[./fonts/Montserrat-Bold.otf]/OT:script=latn;
language=dflt;letterspace=12.0;mapping=tex-text;"
(fontspec)             -  (k/sc) with NFSS spec.:
(fontspec)             <->s*[1.0]"[./fonts/Montserrat-Bold.otf]/OT:script=latn;
language=dflt;letterspace=12.0;+smcp;mapping=tex-text;"
(fontspec)             - (k/it) with NFSS spec.:
(fontspec)             <->s*[1.0]"[./fonts/Montserrat-BoldItalic.otf]/OT:script
=latn;language=dflt;letterspace=12.0;mapping=tex-text;"
(fontspec)             -  (k/scit) with NFSS spec.:
(fontspec)             <->s*[1.0]"[./fonts/Montserrat-BoldItalic.otf]/OT:script
=latn;language=dflt;letterspace=12.0;+smcp;mapping=tex-text;"
(fontspec)             - 'normal' (m/n) with NFSS spec.:
(fontspec)             <->s*[1.0]"[./fonts/Montserrat-Medium.otf]/OT:script=lat
n;language=dflt;letterspace=12.0;mapping=tex-text;"
(fontspec)             - 'small caps'  (m/sc) with NFSS spec.:
(fontspec)             <->s*[1.0]"[./fonts/Montserrat-Medium.otf]/OT:script=lat
n;language=dflt;letterspace=12.0;+smcp;mapping=tex-text;"
(fontspec)             - 'bold' (b/n) with NFSS spec.:
(fontspec)             <->s*[1.0]"[./fonts/Montserrat-Medium.otf]/OT:script=lat
n;language=dflt;letterspace=12.0;mapping=tex-text;"
(fontspec)             - 'bold small caps'  (b/sc) with NFSS spec.:
(fontspec)             <->s*[1.0]"[./fonts/Montserrat-Medium.otf]/OT:script=lat
n;language=dflt;letterspace=12.0;+smcp;mapping=tex-text;"
(fontspec)             - 'italic' (m/it) with NFSS spec.:
(fontspec)             <->s*[1.0]"[./fonts/Montserrat-MediumItalic.otf]/OT:scri
pt=latn;language=dflt;letterspace=12.0;mapping=tex-text;"
(fontspec)             - 'italic small caps'  (m/scit) with NFSS spec.:
(fontspec)             <->s*[1.0]"[./fonts/Montserrat-MediumItalic.otf]/OT:scri
pt=latn;language=dflt;letterspace=12.0;+smcp;mapping=tex-text;"
(fontspec)             - 'bold italic' (b/it) with NFSS spec.:
(fontspec)             <->s*[1.0]"[./fonts/Montserrat-MediumItalic.otf]/OT:scri
pt=latn;language=dflt;letterspace=12.0;mapping=tex-text;"
(fontspec)             - 'bold italic small caps'  (b/scit) with NFSS spec.:
(fontspec)             <->s*[1.0]"[./fonts/Montserrat-MediumItalic.otf]/OT:scri
pt=latn;language=dflt;letterspace=12.0;+smcp;mapping=tex-text;"

LaTeX Font Info:    Font shape `TU/Montserrat(1)/k/n' will be
(Font)              scaled to size 12.0pt on input line 232.
LaTeX Font Info:    Font shape `TU/Montserrat(0)/b/n' will be
(Font)              scaled to size 10.95pt on input line 234.

Package fontspec Info: Font family 'Montserrat(2)' created for font
(fontspec)             'Montserrat' with options [Ligatures=TeX,Path =
(fontspec)             ./fonts/,Extension = .otf,UprightFont =
(fontspec)             *-Medium,BoldFont = *-Medium,ItalicFont =
(fontspec)             *-MediumItalic,BoldItalicFont =
(fontspec)             *-MediumItalic,Ligatures = TeX,Scale =
(fontspec)             1.0,FontFace={xl}{n}{*-ExtraLight},FontFace={xl}{it}{*-E
xtraLightItalic},FontFace={l}{n}{*-Regular},FontFace={l}{it}{*-LightItalic},Fon
tFace={mb}{n}{*-Medium},FontFace={mb}{it}{*-MediumItalic},FontFace={sb}{n}{*-Se
miBold},FontFace={sb}{it}{*-SemiBoldItalic},FontFace={k}{n}{*-Bold},FontFace={k
}{it}{*-BoldItalic},LetterSpace=48.0].
(fontspec)              
(fontspec)              This font family consists of the following NFSS
(fontspec)             series/shapes:
(fontspec)              
(fontspec)             - (xl/n) with NFSS spec.:
(fontspec)             <->s*[1.0]"[./fonts/Montserrat-ExtraLight.otf]/OT:script
=latn;language=dflt;letterspace=48.0;mapping=tex-text;"
(fontspec)             -  (xl/sc) with NFSS spec.:
(fontspec)             <->s*[1.0]"[./fonts/Montserrat-ExtraLight.otf]/OT:script
=latn;language=dflt;letterspace=48.0;+smcp;mapping=tex-text;"
(fontspec)             - (xl/it) with NFSS spec.:
(fontspec)             <->s*[1.0]"[./fonts/Montserrat-ExtraLightItalic.otf]/OT:
script=latn;language=dflt;letterspace=48.0;mapping=tex-text;"
(fontspec)             -  (xl/scit) with NFSS spec.:
(fontspec)             <->s*[1.0]"[./fonts/Montserrat-ExtraLightItalic.otf]/OT:
script=latn;language=dflt;letterspace=48.0;+smcp;mapping=tex-text;"
(fontspec)             - (l/n) with NFSS spec.:
(fontspec)             <->s*[1.0]"[./fonts/Montserrat-Regular.otf]/OT:script=la
tn;language=dflt;letterspace=48.0;mapping=tex-text;"
(fontspec)             -  (l/sc) with NFSS spec.:
(fontspec)             <->s*[1.0]"[./fonts/Montserrat-Regular.otf]/OT:script=la
tn;language=dflt;letterspace=48.0;+smcp;mapping=tex-text;"
(fontspec)             - (l/it) with NFSS spec.:
(fontspec)             <->s*[1.0]"[./fonts/Montserrat-LightItalic.otf]/OT:scrip
t=latn;language=dflt;letterspace=48.0;mapping=tex-text;"
(fontspec)             -  (l/scit) with NFSS spec.:
(fontspec)             <->s*[1.0]"[./fonts/Montserrat-LightItalic.otf]/OT:scrip
t=latn;language=dflt;letterspace=48.0;+smcp;mapping=tex-text;"
(fontspec)             - (mb/n) with NFSS spec.:
(fontspec)             <->s*[1.0]"[./fonts/Montserrat-Medium.otf]/OT:script=lat
n;language=dflt;letterspace=48.0;mapping=tex-text;"
(fontspec)             -  (mb/sc) with NFSS spec.:
(fontspec)             <->s*[1.0]"[./fonts/Montserrat-Medium.otf]/OT:script=lat
n;language=dflt;letterspace=48.0;+smcp;mapping=tex-text;"
(fontspec)             - (mb/it) with NFSS spec.:
(fontspec)             <->s*[1.0]"[./fonts/Montserrat-MediumItalic.otf]/OT:scri
pt=latn;language=dflt;letterspace=48.0;mapping=tex-text;"
(fontspec)             -  (mb/scit) with NFSS spec.:
(fontspec)             <->s*[1.0]"[./fonts/Montserrat-MediumItalic.otf]/OT:scri
pt=latn;language=dflt;letterspace=48.0;+smcp;mapping=tex-text;"
(fontspec)             - (sb/n) with NFSS spec.:
(fontspec)             <->s*[1.0]"[./fonts/Montserrat-SemiBold.otf]/OT:script=l
atn;language=dflt;letterspace=48.0;mapping=tex-text;"
(fontspec)             -  (sb/sc) with NFSS spec.:
(fontspec)             <->s*[1.0]"[./fonts/Montserrat-SemiBold.otf]/OT:script=l
atn;language=dflt;letterspace=48.0;+smcp;mapping=tex-text;"
(fontspec)             - (sb/it) with NFSS spec.:
(fontspec)             <->s*[1.0]"[./fonts/Montserrat-SemiBoldItalic.otf]/OT:sc
ript=latn;language=dflt;letterspace=48.0;mapping=tex-text;"
(fontspec)             -  (sb/scit) with NFSS spec.:
(fontspec)             <->s*[1.0]"[./fonts/Montserrat-SemiBoldItalic.otf]/OT:sc
ript=latn;language=dflt;letterspace=48.0;+smcp;mapping=tex-text;"
(fontspec)             - (k/n) with NFSS spec.:
(fontspec)             <->s*[1.0]"[./fonts/Montserrat-Bold.otf]/OT:script=latn;
language=dflt;letterspace=48.0;mapping=tex-text;"
(fontspec)             -  (k/sc) with NFSS spec.:
(fontspec)             <->s*[1.0]"[./fonts/Montserrat-Bold.otf]/OT:script=latn;
language=dflt;letterspace=48.0;+smcp;mapping=tex-text;"
(fontspec)             - (k/it) with NFSS spec.:
(fontspec)             <->s*[1.0]"[./fonts/Montserrat-BoldItalic.otf]/OT:script
=latn;language=dflt;letterspace=48.0;mapping=tex-text;"
(fontspec)             -  (k/scit) with NFSS spec.:
(fontspec)             <->s*[1.0]"[./fonts/Montserrat-BoldItalic.otf]/OT:script
=latn;language=dflt;letterspace=48.0;+smcp;mapping=tex-text;"
(fontspec)             - 'normal' (m/n) with NFSS spec.:
(fontspec)             <->s*[1.0]"[./fonts/Montserrat-Medium.otf]/OT:script=lat
n;language=dflt;letterspace=48.0;mapping=tex-text;"
(fontspec)             - 'small caps'  (m/sc) with NFSS spec.:
(fontspec)             <->s*[1.0]"[./fonts/Montserrat-Medium.otf]/OT:script=lat
n;language=dflt;letterspace=48.0;+smcp;mapping=tex-text;"
(fontspec)             - 'bold' (b/n) with NFSS spec.:
(fontspec)             <->s*[1.0]"[./fonts/Montserrat-Medium.otf]/OT:script=lat
n;language=dflt;letterspace=48.0;mapping=tex-text;"
(fontspec)             - 'bold small caps'  (b/sc) with NFSS spec.:
(fontspec)             <->s*[1.0]"[./fonts/Montserrat-Medium.otf]/OT:script=lat
n;language=dflt;letterspace=48.0;+smcp;mapping=tex-text;"
(fontspec)             - 'italic' (m/it) with NFSS spec.:
(fontspec)             <->s*[1.0]"[./fonts/Montserrat-MediumItalic.otf]/OT:scri
pt=latn;language=dflt;letterspace=48.0;mapping=tex-text;"
(fontspec)             - 'italic small caps'  (m/scit) with NFSS spec.:
(fontspec)             <->s*[1.0]"[./fonts/Montserrat-MediumItalic.otf]/OT:scri
pt=latn;language=dflt;letterspace=48.0;+smcp;mapping=tex-text;"
(fontspec)             - 'bold italic' (b/it) with NFSS spec.:
(fontspec)             <->s*[1.0]"[./fonts/Montserrat-MediumItalic.otf]/OT:scri
pt=latn;language=dflt;letterspace=48.0;mapping=tex-text;"
(fontspec)             - 'bold italic small caps'  (b/scit) with NFSS spec.:
(fontspec)             <->s*[1.0]"[./fonts/Montserrat-MediumItalic.otf]/OT:scri
pt=latn;language=dflt;letterspace=48.0;+smcp;mapping=tex-text;"

LaTeX Font Info:    Font shape `TU/Montserrat(2)/b/n' will be
(Font)              scaled to size 7.4pt on input line 234.

! LaTeX Error: There's no line here to end.

See the LaTeX manual or LaTeX Companion for explanation.
Type  H <return>  for immediate help.
 ...                                              
                                                  
l.235 \end{center}\\[0ex]
                         
? 
(/usr/share/texlive/texmf-dist/tex/latex/microtype/mt-cmr.cfg)

Package fontspec Info: Font family 'Montserrat(3)' created for font
(fontspec)             'Montserrat' with options [Ligatures=TeX,Path =
(fontspec)             ./fonts/,Extension = .otf,UprightFont =
(fontspec)             *-Medium,BoldFont = *-Medium,ItalicFont =
(fontspec)             *-MediumItalic,BoldItalicFont =
(fontspec)             *-MediumItalic,Ligatures = TeX,Scale =
(fontspec)             1.0,FontFace={xl}{n}{*-ExtraLight},FontFace={xl}{it}{*-E
xtraLightItalic},FontFace={l}{n}{*-Regular},FontFace={l}{it}{*-LightItalic},Fon
tFace={mb}{n}{*-Medium},FontFace={mb}{it}{*-MediumItalic},FontFace={sb}{n}{*-Se
miBold},FontFace={sb}{it}{*-SemiBoldItalic},FontFace={k}{n}{*-Bold},FontFace={k
}{it}{*-BoldItalic},LetterSpace=1.2].
(fontspec)              
(fontspec)              This font family consists of the following NFSS
(fontspec)             series/shapes:
(fontspec)              
(fontspec)             - (xl/n) with NFSS spec.:
(fontspec)             <->s*[1.0]"[./fonts/Montserrat-ExtraLight.otf]/OT:script
=latn;language=dflt;letterspace=1.2;mapping=tex-text;"
(fontspec)             -  (xl/sc) with NFSS spec.:
(fontspec)             <->s*[1.0]"[./fonts/Montserrat-ExtraLight.otf]/OT:script
=latn;language=dflt;letterspace=1.2;+smcp;mapping=tex-text;"
(fontspec)             - (xl/it) with NFSS spec.:
(fontspec)             <->s*[1.0]"[./fonts/Montserrat-ExtraLightItalic.otf]/OT:
script=latn;language=dflt;letterspace=1.2;mapping=tex-text;"
(fontspec)             -  (xl/scit) with NFSS spec.:
(fontspec)             <->s*[1.0]"[./fonts/Montserrat-ExtraLightItalic.otf]/OT:
script=latn;language=dflt;letterspace=1.2;+smcp;mapping=tex-text;"
(fontspec)             - (l/n) with NFSS spec.:
(fontspec)             <->s*[1.0]"[./fonts/Montserrat-Regular.otf]/OT:script=la
tn;language=dflt;letterspace=1.2;mapping=tex-text;"
(fontspec)             -  (l/sc) with NFSS spec.:
(fontspec)             <->s*[1.0]"[./fonts/Montserrat-Regular.otf]/OT:script=la
tn;language=dflt;letterspace=1.2;+smcp;mapping=tex-text;"
(fontspec)             - (l/it) with NFSS spec.:
(fontspec)             <->s*[1.0]"[./fonts/Montserrat-LightItalic.otf]/OT:scrip
t=latn;language=dflt;letterspace=1.2;mapping=tex-text;"
(fontspec)             -  (l/scit) with NFSS spec.:
(fontspec)             <->s*[1.0]"[./fonts/Montserrat-LightItalic.otf]/OT:scrip
t=latn;language=dflt;letterspace=1.2;+smcp;mapping=tex-text;"
(fontspec)             - (mb/n) with NFSS spec.:
(fontspec)             <->s*[1.0]"[./fonts/Montserrat-Medium.otf]/OT:script=lat
n;language=dflt;letterspace=1.2;mapping=tex-text;"
(fontspec)             -  (mb/sc) with NFSS spec.:
(fontspec)             <->s*[1.0]"[./fonts/Montserrat-Medium.otf]/OT:script=lat
n;language=dflt;letterspace=1.2;+smcp;mapping=tex-text;"
(fontspec)             - (mb/it) with NFSS spec.:
(fontspec)             <->s*[1.0]"[./fonts/Montserrat-MediumItalic.otf]/OT:scri
pt=latn;language=dflt;letterspace=1.2;mapping=tex-text;"
(fontspec)             -  (mb/scit) with NFSS spec.:
(fontspec)             <->s*[1.0]"[./fonts/Montserrat-MediumItalic.otf]/OT:scri
pt=latn;language=dflt;letterspace=1.2;+smcp;mapping=tex-text;"
(fontspec)             - (sb/n) with NFSS spec.:
(fontspec)             <->s*[1.0]"[./fonts/Montserrat-SemiBold.otf]/OT:script=l
atn;language=dflt;letterspace=1.2;mapping=tex-text;"
(fontspec)             -  (sb/sc) with NFSS spec.:
(fontspec)             <->s*[1.0]"[./fonts/Montserrat-SemiBold.otf]/OT:script=l
atn;language=dflt;letterspace=1.2;+smcp;mapping=tex-text;"
(fontspec)             - (sb/it) with NFSS spec.:
(fontspec)             <->s*[1.0]"[./fonts/Montserrat-SemiBoldItalic.otf]/OT:sc
ript=latn;language=dflt;letterspace=1.2;mapping=tex-text;"
(fontspec)             -  (sb/scit) with NFSS spec.:
(fontspec)             <->s*[1.0]"[./fonts/Montserrat-SemiBoldItalic.otf]/OT:sc
ript=latn;language=dflt;letterspace=1.2;+smcp;mapping=tex-text;"
(fontspec)             - (k/n) with NFSS spec.:
(fontspec)             <->s*[1.0]"[./fonts/Montserrat-Bold.otf]/OT:script=latn;
language=dflt;letterspace=1.2;mapping=tex-text;"
(fontspec)             -  (k/sc) with NFSS spec.:
(fontspec)             <->s*[1.0]"[./fonts/Montserrat-Bold.otf]/OT:script=latn;
language=dflt;letterspace=1.2;+smcp;mapping=tex-text;"
(fontspec)             - (k/it) with NFSS spec.:
(fontspec)             <->s*[1.0]"[./fonts/Montserrat-BoldItalic.otf]/OT:script
=latn;language=dflt;letterspace=1.2;mapping=tex-text;"
(fontspec)             -  (k/scit) with NFSS spec.:
(fontspec)             <->s*[1.0]"[./fonts/Montserrat-BoldItalic.otf]/OT:script
=latn;language=dflt;letterspace=1.2;+smcp;mapping=tex-text;"
(fontspec)             - 'normal' (m/n) with NFSS spec.:
(fontspec)             <->s*[1.0]"[./fonts/Montserrat-Medium.otf]/OT:script=lat
n;language=dflt;letterspace=1.2;mapping=tex-text;"
(fontspec)             - 'small caps'  (m/sc) with NFSS spec.:
(fontspec)             <->s*[1.0]"[./fonts/Montserrat-Medium.otf]/OT:script=lat
n;language=dflt;letterspace=1.2;+smcp;mapping=tex-text;"
(fontspec)             - 'bold' (b/n) with NFSS spec.:
(fontspec)             <->s*[1.0]"[./fonts/Montserrat-Medium.otf]/OT:script=lat
n;language=dflt;letterspace=1.2;mapping=tex-text;"
(fontspec)             - 'bold small caps'  (b/sc) with NFSS spec.:
(fontspec)             <->s*[1.0]"[./fonts/Montserrat-Medium.otf]/OT:script=lat
n;language=dflt;letterspace=1.2;+smcp;mapping=tex-text;"
(fontspec)             - 'italic' (m/it) with NFSS spec.:
(fontspec)             <->s*[1.0]"[./fonts/Montserrat-MediumItalic.otf]/OT:scri
pt=latn;language=dflt;letterspace=1.2;mapping=tex-text;"
(fontspec)             - 'italic small caps'  (m/scit) with NFSS spec.:
(fontspec)             <->s*[1.0]"[./fonts/Montserrat-MediumItalic.otf]/OT:scri
pt=latn;language=dflt;letterspace=1.2;+smcp;mapping=tex-text;"
(fontspec)             - 'bold italic' (b/it) with NFSS spec.:
(fontspec)             <->s*[1.0]"[./fonts/Montserrat-MediumItalic.otf]/OT:scri
pt=latn;language=dflt;letterspace=1.2;mapping=tex-text;"
(fontspec)             - 'bold italic small caps'  (b/scit) with NFSS spec.:
(fontspec)             <->s*[1.0]"[./fonts/Montserrat-MediumItalic.otf]/OT:scri
pt=latn;language=dflt;letterspace=1.2;+smcp;mapping=tex-text;"



! LaTeX Error: There's no line here to end.

See the LaTeX manual or LaTeX Companion for explanation.
Type  H <return>  for immediate help.
 ...                                              
                                                  
l.253 \end{multicols}\\[0ex]
                            
? 

Package fontspec Info: Font family 'Montserrat(4)' created for font
(fontspec)             'Montserrat' with options [Ligatures=TeX,Path =
(fontspec)             ./fonts/,Extension = .otf,UprightFont =
(fontspec)             *-Medium,BoldFont = *-Medium,ItalicFont =
(fontspec)             *-MediumItalic,BoldItalicFont =
(fontspec)             *-MediumItalic,Ligatures = TeX,Scale =
(fontspec)             1.0,FontFace={xl}{n}{*-ExtraLight},FontFace={xl}{it}{*-E
xtraLightItalic},FontFace={l}{n}{*-Regular},FontFace={l}{it}{*-LightItalic},Fon
tFace={mb}{n}{*-Medium},FontFace={mb}{it}{*-MediumItalic},FontFace={sb}{n}{*-Se
miBold},FontFace={sb}{it}{*-SemiBoldItalic},FontFace={k}{n}{*-Bold},FontFace={k
}{it}{*-BoldItalic},LetterSpace=4.0].
(fontspec)              
(fontspec)              This font family consists of the following NFSS
(fontspec)             series/shapes:
(fontspec)              
(fontspec)             - (xl/n) with NFSS spec.:
(fontspec)             <->s*[1.0]"[./fonts/Montserrat-ExtraLight.otf]/OT:script
=latn;language=dflt;letterspace=4.0;mapping=tex-text;"
(fontspec)             -  (xl/sc) with NFSS spec.:
(fontspec)             <->s*[1.0]"[./fonts/Montserrat-ExtraLight.otf]/OT:script
=latn;language=dflt;letterspace=4.0;+smcp;mapping=tex-text;"
(fontspec)             - (xl/it) with NFSS spec.:
(fontspec)             <->s*[1.0]"[./fonts/Montserrat-ExtraLightItalic.otf]/OT:
script=latn;language=dflt;letterspace=4.0;mapping=tex-text;"
(fontspec)             -  (xl/scit) with NFSS spec.:
(fontspec)             <->s*[1.0]"[./fonts/Montserrat-ExtraLightItalic.otf]/OT:
script=latn;language=dflt;letterspace=4.0;+smcp;mapping=tex-text;"
(fontspec)             - (l/n) with NFSS spec.:
(fontspec)             <->s*[1.0]"[./fonts/Montserrat-Regular.otf]/OT:script=la
tn;language=dflt;letterspace=4.0;mapping=tex-text;"
(fontspec)             -  (l/sc) with NFSS spec.:
(fontspec)             <->s*[1.0]"[./fonts/Montserrat-Regular.otf]/OT:script=la
tn;language=dflt;letterspace=4.0;+smcp;mapping=tex-text;"
(fontspec)             - (l/it) with NFSS spec.:
(fontspec)             <->s*[1.0]"[./fonts/Montserrat-LightItalic.otf]/OT:scrip
t=latn;language=dflt;letterspace=4.0;mapping=tex-text;"
(fontspec)             -  (l/scit) with NFSS spec.:
(fontspec)             <->s*[1.0]"[./fonts/Montserrat-LightItalic.otf]/OT:scrip
t=latn;language=dflt;letterspace=4.0;+smcp;mapping=tex-text;"
(fontspec)             - (mb/n) with NFSS spec.:
(fontspec)             <->s*[1.0]"[./fonts/Montserrat-Medium.otf]/OT:script=lat
n;language=dflt;letterspace=4.0;mapping=tex-text;"
(fontspec)             -  (mb/sc) with NFSS spec.:
(fontspec)             <->s*[1.0]"[./fonts/Montserrat-Medium.otf]/OT:script=lat
n;language=dflt;letterspace=4.0;+smcp;mapping=tex-text;"
(fontspec)             - (mb/it) with NFSS spec.:
(fontspec)             <->s*[1.0]"[./fonts/Montserrat-MediumItalic.otf]/OT:scri
pt=latn;language=dflt;letterspace=4.0;mapping=tex-text;"
(fontspec)             -  (mb/scit) with NFSS spec.:
(fontspec)             <->s*[1.0]"[./fonts/Montserrat-MediumItalic.otf]/OT:scri
pt=latn;language=dflt;letterspace=4.0;+smcp;mapping=tex-text;"
(fontspec)             - (sb/n) with NFSS spec.:
(fontspec)             <->s*[1.0]"[./fonts/Montserrat-SemiBold.otf]/OT:script=l
atn;language=dflt;letterspace=4.0;mapping=tex-text;"
(fontspec)             -  (sb/sc) with NFSS spec.:
(fontspec)             <->s*[1.0]"[./fonts/Montserrat-SemiBold.otf]/OT:script=l
atn;language=dflt;letterspace=4.0;+smcp;mapping=tex-text;"
(fontspec)             - (sb/it) with NFSS spec.:
(fontspec)             <->s*[1.0]"[./fonts/Montserrat-SemiBoldItalic.otf]/OT:sc
ript=latn;language=dflt;letterspace=4.0;mapping=tex-text;"
(fontspec)             -  (sb/scit) with NFSS spec.:
(fontspec)             <->s*[1.0]"[./fonts/Montserrat-SemiBoldItalic.otf]/OT:sc
ript=latn;language=dflt;letterspace=4.0;+smcp;mapping=tex-text;"
(fontspec)             - (k/n) with NFSS spec.:
(fontspec)             <->s*[1.0]"[./fonts/Montserrat-Bold.otf]/OT:script=latn;
language=dflt;letterspace=4.0;mapping=tex-text;"
(fontspec)             -  (k/sc) with NFSS spec.:
(fontspec)             <->s*[1.0]"[./fonts/Montserrat-Bold.otf]/OT:script=latn;
language=dflt;letterspace=4.0;+smcp;mapping=tex-text;"
(fontspec)             - (k/it) with NFSS spec.:
(fontspec)             <->s*[1.0]"[./fonts/Montserrat-BoldItalic.otf]/OT:script
=latn;language=dflt;letterspace=4.0;mapping=tex-text;"
(fontspec)             -  (k/scit) with NFSS spec.:
(fontspec)             <->s*[1.0]"[./fonts/Montserrat-BoldItalic.otf]/OT:script
=latn;language=dflt;letterspace=4.0;+smcp;mapping=tex-text;"
(fontspec)             - 'normal' (m/n) with NFSS spec.:
(fontspec)             <->s*[1.0]"[./fonts/Montserrat-Medium.otf]/OT:script=lat
n;language=dflt;letterspace=4.0;mapping=tex-text;"
(fontspec)             - 'small caps'  (m/sc) with NFSS spec.:
(fontspec)             <->s*[1.0]"[./fonts/Montserrat-Medium.otf]/OT:script=lat
n;language=dflt;letterspace=4.0;+smcp;mapping=tex-text;"
(fontspec)             - 'bold' (b/n) with NFSS spec.:
(fontspec)             <->s*[1.0]"[./fonts/Montserrat-Medium.otf]/OT:script=lat
n;language=dflt;letterspace=4.0;mapping=tex-text;"
(fontspec)             - 'bold small caps'  (b/sc) with NFSS spec.:
(fontspec)             <->s*[1.0]"[./fonts/Montserrat-Medium.otf]/OT:script=lat
n;language=dflt;letterspace=4.0;+smcp;mapping=tex-text;"
(fontspec)             - 'italic' (m/it) with NFSS spec.:
(fontspec)             <->s*[1.0]"[./fonts/Montserrat-MediumItalic.otf]/OT:scri
pt=latn;language=dflt;letterspace=4.0;mapping=tex-text;"
(fontspec)             - 'italic small caps'  (m/scit) with NFSS spec.:
(fontspec)             <->s*[1.0]"[./fonts/Montserrat-MediumItalic.otf]/OT:scri
pt=latn;language=dflt;letterspace=4.0;+smcp;mapping=tex-text;"
(fontspec)             - 'bold italic' (b/it) with NFSS spec.:
(fontspec)             <->s*[1.0]"[./fonts/Montserrat-MediumItalic.otf]/OT:scri
pt=latn;language=dflt;letterspace=4.0;mapping=tex-text;"
(fontspec)             - 'bold italic small caps'  (b/scit) with NFSS spec.:
(fontspec)             <->s*[1.0]"[./fonts/Montserrat-MediumItalic.otf]/OT:scri
pt=latn;language=dflt;letterspace=4.0;+smcp;mapping=tex-text;"

LaTeX Font Info:    Font shape `TU/Montserrat(4)/k/n' will be
(Font)              scaled to size 8.5pt on input line 257.

Package fontspec Info: Font family 'Montserrat(5)' created for font
(fontspec)             'Montserrat' with options [Ligatures=TeX,Path =
(fontspec)             ./fonts/,Extension = .otf,UprightFont =
(fontspec)             *-Medium,BoldFont = *-Medium,ItalicFont =
(fontspec)             *-MediumItalic,BoldItalicFont =
(fontspec)             *-MediumItalic,Ligatures = TeX,Scale =
(fontspec)             1.0,FontFace={xl}{n}{*-ExtraLight},FontFace={xl}{it}{*-E
xtraLightItalic},FontFace={l}{n}{*-Regular},FontFace={l}{it}{*-LightItalic},Fon
tFace={mb}{n}{*-Medium},FontFace={mb}{it}{*-MediumItalic},FontFace={sb}{n}{*-Se
miBold},FontFace={sb}{it}{*-SemiBoldItalic},FontFace={k}{n}{*-Bold},FontFace={k
}{it}{*-BoldItalic},LetterSpace=3.0].
(fontspec)              
(fontspec)              This font family consists of the following NFSS
(fontspec)             series/shapes:
(fontspec)              
(fontspec)             - (xl/n) with NFSS spec.:
(fontspec)             <->s*[1.0]"[./fonts/Montserrat-ExtraLight.otf]/OT:script
=latn;language=dflt;letterspace=3.0;mapping=tex-text;"
(fontspec)             -  (xl/sc) with NFSS spec.:
(fontspec)             <->s*[1.0]"[./fonts/Montserrat-ExtraLight.otf]/OT:script
=latn;language=dflt;letterspace=3.0;+smcp;mapping=tex-text;"
(fontspec)             - (xl/it) with NFSS spec.:
(fontspec)             <->s*[1.0]"[./fonts/Montserrat-ExtraLightItalic.otf]/OT:
script=latn;language=dflt;letterspace=3.0;mapping=tex-text;"
(fontspec)             -  (xl/scit) with NFSS spec.:
(fontspec)             <->s*[1.0]"[./fonts/Montserrat-ExtraLightItalic.otf]/OT:
script=latn;language=dflt;letterspace=3.0;+smcp;mapping=tex-text;"
(fontspec)             - (l/n) with NFSS spec.:
(fontspec)             <->s*[1.0]"[./fonts/Montserrat-Regular.otf]/OT:script=la
tn;language=dflt;letterspace=3.0;mapping=tex-text;"
(fontspec)             -  (l/sc) with NFSS spec.:
(fontspec)             <->s*[1.0]"[./fonts/Montserrat-Regular.otf]/OT:script=la
tn;language=dflt;letterspace=3.0;+smcp;mapping=tex-text;"
(fontspec)             - (l/it) with NFSS spec.:
(fontspec)             <->s*[1.0]"[./fonts/Montserrat-LightItalic.otf]/OT:scrip
t=latn;language=dflt;letterspace=3.0;mapping=tex-text;"
(fontspec)             -  (l/scit) with NFSS spec.:
(fontspec)             <->s*[1.0]"[./fonts/Montserrat-LightItalic.otf]/OT:scrip
t=latn;language=dflt;letterspace=3.0;+smcp;mapping=tex-text;"
(fontspec)             - (mb/n) with NFSS spec.:
(fontspec)             <->s*[1.0]"[./fonts/Montserrat-Medium.otf]/OT:script=lat
n;language=dflt;letterspace=3.0;mapping=tex-text;"
(fontspec)             -  (mb/sc) with NFSS spec.:
(fontspec)             <->s*[1.0]"[./fonts/Montserrat-Medium.otf]/OT:script=lat
n;language=dflt;letterspace=3.0;+smcp;mapping=tex-text;"
(fontspec)             - (mb/it) with NFSS spec.:
(fontspec)             <->s*[1.0]"[./fonts/Montserrat-MediumItalic.otf]/OT:scri
pt=latn;language=dflt;letterspace=3.0;mapping=tex-text;"
(fontspec)             -  (mb/scit) with NFSS spec.:
(fontspec)             <->s*[1.0]"[./fonts/Montserrat-MediumItalic.otf]/OT:scri
pt=latn;language=dflt;letterspace=3.0;+smcp;mapping=tex-text;"
(fontspec)             - (sb/n) with NFSS spec.:
(fontspec)             <->s*[1.0]"[./fonts/Montserrat-SemiBold.otf]/OT:script=l
atn;language=dflt;letterspace=3.0;mapping=tex-text;"
(fontspec)             -  (sb/sc) with NFSS spec.:
(fontspec)             <->s*[1.0]"[./fonts/Montserrat-SemiBold.otf]/OT:script=l
atn;language=dflt;letterspace=3.0;+smcp;mapping=tex-text;"
(fontspec)             - (sb/it) with NFSS spec.:
(fontspec)             <->s*[1.0]"[./fonts/Montserrat-SemiBoldItalic.otf]/OT:sc
ript=latn;language=dflt;letterspace=3.0;mapping=tex-text;"
(fontspec)             -  (sb/scit) with NFSS spec.:
(fontspec)             <->s*[1.0]"[./fonts/Montserrat-SemiBoldItalic.otf]/OT:sc
ript=latn;language=dflt;letterspace=3.0;+smcp;mapping=tex-text;"
(fontspec)             - (k/n) with NFSS spec.:
(fontspec)             <->s*[1.0]"[./fonts/Montserrat-Bold.otf]/OT:script=latn;
language=dflt;letterspace=3.0;mapping=tex-text;"
(fontspec)             -  (k/sc) with NFSS spec.:
(fontspec)             <->s*[1.0]"[./fonts/Montserrat-Bold.otf]/OT:script=latn;
language=dflt;letterspace=3.0;+smcp;mapping=tex-text;"
(fontspec)             - (k/it) with NFSS spec.:
(fontspec)             <->s*[1.0]"[./fonts/Montserrat-BoldItalic.otf]/OT:script
=latn;language=dflt;letterspace=3.0;mapping=tex-text;"
(fontspec)             -  (k/scit) with NFSS spec.:
(fontspec)             <->s*[1.0]"[./fonts/Montserrat-BoldItalic.otf]/OT:script
=latn;language=dflt;letterspace=3.0;+smcp;mapping=tex-text;"
(fontspec)             - 'normal' (m/n) with NFSS spec.:
(fontspec)             <->s*[1.0]"[./fonts/Montserrat-Medium.otf]/OT:script=lat
n;language=dflt;letterspace=3.0;mapping=tex-text;"
(fontspec)             - 'small caps'  (m/sc) with NFSS spec.:
(fontspec)             <->s*[1.0]"[./fonts/Montserrat-Medium.otf]/OT:script=lat
n;language=dflt;letterspace=3.0;+smcp;mapping=tex-text;"
(fontspec)             - 'bold' (b/n) with NFSS spec.:
(fontspec)             <->s*[1.0]"[./fonts/Montserrat-Medium.otf]/OT:script=lat
n;language=dflt;letterspace=3.0;mapping=tex-text;"
(fontspec)             - 'bold small caps'  (b/sc) with NFSS spec.:
(fontspec)             <->s*[1.0]"[./fonts/Montserrat-Medium.otf]/OT:script=lat
n;language=dflt;letterspace=3.0;+smcp;mapping=tex-text;"
(fontspec)             - 'italic' (m/it) with NFSS spec.:
(fontspec)             <->s*[1.0]"[./fonts/Montserrat-MediumItalic.otf]/OT:scri
pt=latn;language=dflt;letterspace=3.0;mapping=tex-text;"
(fontspec)             - 'italic small caps'  (m/scit) with NFSS spec.:
(fontspec)             <->s*[1.0]"[./fonts/Montserrat-MediumItalic.otf]/OT:scri
pt=latn;language=dflt;letterspace=3.0;+smcp;mapping=tex-text;"
(fontspec)             - 'bold italic' (b/it) with NFSS spec.:
(fontspec)             <->s*[1.0]"[./fonts/Montserrat-MediumItalic.otf]/OT:scri
pt=latn;language=dflt;letterspace=3.0;mapping=tex-text;"
(fontspec)             - 'bold italic small caps'  (b/scit) with NFSS spec.:
(fontspec)             <->s*[1.0]"[./fonts/Montserrat-MediumItalic.otf]/OT:scri
pt=latn;language=dflt;letterspace=3.0;+smcp;mapping=tex-text;"

LaTeX Font Info:    Font shape `TU/Montserrat(5)/k/n' will be
(Font)              scaled to size 7.5pt on input line 307.
LaTeX Font Info:    Font shape `TU/Montserrat(0)/m/it' will be
(Font)              scaled to size 4.0pt on input line 307.
LaTeX Font Info:    Font shape `TU/Montserrat(3)/b/it' will be
(Font)              scaled to size 7.2pt on input line 307.
LaTeX Font Info:    Font shape `TU/Montserrat(0)/sb/n' will be
(Font)              scaled to size 10.95pt on input line 307.

Package fontspec Info: Font family 'Montserrat(6)' created for font
(fontspec)             'Montserrat' with options [Ligatures=TeX,Path =
(fontspec)             ./fonts/,Extension = .otf,UprightFont =
(fontspec)             *-Medium,BoldFont = *-Medium,ItalicFont =
(fontspec)             *-MediumItalic,BoldItalicFont =
(fontspec)             *-MediumItalic,Ligatures = TeX,Scale =
(fontspec)             1.0,FontFace={xl}{n}{*-ExtraLight},FontFace={xl}{it}{*-E
xtraLightItalic},FontFace={l}{n}{*-Regular},FontFace={l}{it}{*-LightItalic},Fon
tFace={mb}{n}{*-Medium},FontFace={mb}{it}{*-MediumItalic},FontFace={sb}{n}{*-Se
miBold},FontFace={sb}{it}{*-SemiBoldItalic},FontFace={k}{n}{*-Bold},FontFace={k
}{it}{*-BoldItalic},LetterSpace=1.6].
(fontspec)              
(fontspec)              This font family consists of the following NFSS
(fontspec)             series/shapes:
(fontspec)              
(fontspec)             - (xl/n) with NFSS spec.:
(fontspec)             <->s*[1.0]"[./fonts/Montserrat-ExtraLight.otf]/OT:script
=latn;language=dflt;letterspace=1.6;mapping=tex-text;"
(fontspec)             -  (xl/sc) with NFSS spec.:
(fontspec)             <->s*[1.0]"[./fonts/Montserrat-ExtraLight.otf]/OT:script
=latn;language=dflt;letterspace=1.6;+smcp;mapping=tex-text;"
(fontspec)             - (xl/it) with NFSS spec.:
(fontspec)             <->s*[1.0]"[./fonts/Montserrat-ExtraLightItalic.otf]/OT:
script=latn;language=dflt;letterspace=1.6;mapping=tex-text;"
(fontspec)             -  (xl/scit) with NFSS spec.:
(fontspec)             <->s*[1.0]"[./fonts/Montserrat-ExtraLightItalic.otf]/OT:
script=latn;language=dflt;letterspace=1.6;+smcp;mapping=tex-text;"
(fontspec)             - (l/n) with NFSS spec.:
(fontspec)             <->s*[1.0]"[./fonts/Montserrat-Regular.otf]/OT:script=la
tn;language=dflt;letterspace=1.6;mapping=tex-text;"
(fontspec)             -  (l/sc) with NFSS spec.:
(fontspec)             <->s*[1.0]"[./fonts/Montserrat-Regular.otf]/OT:script=la
tn;language=dflt;letterspace=1.6;+smcp;mapping=tex-text;"
(fontspec)             - (l/it) with NFSS spec.:
(fontspec)             <->s*[1.0]"[./fonts/Montserrat-LightItalic.otf]/OT:scrip
t=latn;language=dflt;letterspace=1.6;mapping=tex-text;"
(fontspec)             -  (l/scit) with NFSS spec.:
(fontspec)             <->s*[1.0]"[./fonts/Montserrat-LightItalic.otf]/OT:scrip
t=latn;language=dflt;letterspace=1.6;+smcp;mapping=tex-text;"
(fontspec)             - (mb/n) with NFSS spec.:
(fontspec)             <->s*[1.0]"[./fonts/Montserrat-Medium.otf]/OT:script=lat
n;language=dflt;letterspace=1.6;mapping=tex-text;"
(fontspec)             -  (mb/sc) with NFSS spec.:
(fontspec)             <->s*[1.0]"[./fonts/Montserrat-Medium.otf]/OT:script=lat
n;language=dflt;letterspace=1.6;+smcp;mapping=tex-text;"
(fontspec)             - (mb/it) with NFSS spec.:
(fontspec)             <->s*[1.0]"[./fonts/Montserrat-MediumItalic.otf]/OT:scri
pt=latn;language=dflt;letterspace=1.6;mapping=tex-text;"
(fontspec)             -  (mb/scit) with NFSS spec.:
(fontspec)             <->s*[1.0]"[./fonts/Montserrat-MediumItalic.otf]/OT:scri
pt=latn;language=dflt;letterspace=1.6;+smcp;mapping=tex-text;"
(fontspec)             - (sb/n) with NFSS spec.:
(fontspec)             <->s*[1.0]"[./fonts/Montserrat-SemiBold.otf]/OT:script=l
atn;language=dflt;letterspace=1.6;mapping=tex-text;"
(fontspec)             -  (sb/sc) with NFSS spec.:
(fontspec)             <->s*[1.0]"[./fonts/Montserrat-SemiBold.otf]/OT:script=l
atn;language=dflt;letterspace=1.6;+smcp;mapping=tex-text;"
(fontspec)             - (sb/it) with NFSS spec.:
(fontspec)             <->s*[1.0]"[./fonts/Montserrat-SemiBoldItalic.otf]/OT:sc
ript=latn;language=dflt;letterspace=1.6;mapping=tex-text;"
(fontspec)             -  (sb/scit) with NFSS spec.:
(fontspec)             <->s*[1.0]"[./fonts/Montserrat-SemiBoldItalic.otf]/OT:sc
ript=latn;language=dflt;letterspace=1.6;+smcp;mapping=tex-text;"
(fontspec)             - (k/n) with NFSS spec.:
(fontspec)             <->s*[1.0]"[./fonts/Montserrat-Bold.otf]/OT:script=latn;
language=dflt;letterspace=1.6;mapping=tex-text;"
(fontspec)             -  (k/sc) with NFSS spec.:
(fontspec)             <->s*[1.0]"[./fonts/Montserrat-Bold.otf]/OT:script=latn;
language=dflt;letterspace=1.6;+smcp;mapping=tex-text;"
(fontspec)             - (k/it) with NFSS spec.:
(fontspec)             <->s*[1.0]"[./fonts/Montserrat-BoldItalic.otf]/OT:script
=latn;language=dflt;letterspace=1.6;mapping=tex-text;"
(fontspec)             -  (k/scit) with NFSS spec.:
(fontspec)             <->s*[1.0]"[./fonts/Montserrat-BoldItalic.otf]/OT:script
=latn;language=dflt;letterspace=1.6;+smcp;mapping=tex-text;"
(fontspec)             - 'normal' (m/n) with NFSS spec.:
(fontspec)             <->s*[1.0]"[./fonts/Montserrat-Medium.otf]/OT:script=lat
n;language=dflt;letterspace=1.6;mapping=tex-text;"
(fontspec)             - 'small caps'  (m/sc) with NFSS spec.:
(fontspec)             <->s*[1.0]"[./fonts/Montserrat-Medium.otf]/OT:script=lat
n;language=dflt;letterspace=1.6;+smcp;mapping=tex-text;"
(fontspec)             - 'bold' (b/n) with NFSS spec.:
(fontspec)             <->s*[1.0]"[./fonts/Montserrat-Medium.otf]/OT:script=lat
n;language=dflt;letterspace=1.6;mapping=tex-text;"
(fontspec)             - 'bold small caps'  (b/sc) with NFSS spec.:
(fontspec)             <->s*[1.0]"[./fonts/Montserrat-Medium.otf]/OT:script=lat
n;language=dflt;letterspace=1.6;+smcp;mapping=tex-text;"
(fontspec)             - 'italic' (m/it) with NFSS spec.:
(fontspec)             <->s*[1.0]"[./fonts/Montserrat-MediumItalic.otf]/OT:scri
pt=latn;language=dflt;letterspace=1.6;mapping=tex-text;"
(fontspec)             - 'italic small caps'  (m/scit) with NFSS spec.:
(fontspec)             <->s*[1.0]"[./fonts/Montserrat-MediumItalic.otf]/OT:scri
pt=latn;language=dflt;letterspace=1.6;+smcp;mapping=tex-text;"
(fontspec)             - 'bold italic' (b/it) with NFSS spec.:
(fontspec)             <->s*[1.0]"[./fonts/Montserrat-MediumItalic.otf]/OT:scri
pt=latn;language=dflt;letterspace=1.6;mapping=tex-text;"
(fontspec)             - 'bold italic small caps'  (b/scit) with NFSS spec.:
(fontspec)             <->s*[1.0]"[./fonts/Montserrat-MediumItalic.otf]/OT:scri
pt=latn;language=dflt;letterspace=1.6;+smcp;mapping=tex-text;"

LaTeX Font Info:    Font shape `TU/Montserrat(6)/sb/n' will be
(Font)              scaled to size 7.2pt on input line 307.
LaTeX Font Info:    Calculating math sizes for size <7.2> on input line 307.
LaTeX Font Info:    Font shape `TU/Montserrat(0)/m/n' will be
(Font)              scaled to size 7.2pt on input line 307.
LaTeX Font Info:    Font shape `TU/Montserrat(0)/m/n' will be
(Font)              scaled to size 5.03996pt on input line 307.
LaTeX Font Info:    Font shape `TU/Montserrat(0)/m/n' will be
(Font)              scaled to size 3.59999pt on input line 307.

LaTeX Font Warning: Font shape `OML/cmm/m/it' in size <3.59999> not available
(Font)              size <5> substituted on input line 307.


LaTeX Font Warning: Font shape `OMS/cmsy/m/n' in size <3.59999> not available
(Font)              size <5> substituted on input line 307.

LaTeX Font Info:    External font `cmex10' loaded for size
(Font)              <7.2> on input line 307.
LaTeX Font Info:    External font `cmex10' loaded for size
(Font)              <5.03996> on input line 307.
LaTeX Font Info:    External font `cmex10' loaded for size
(Font)              <3.59999> on input line 307.

LaTeX Font Warning: Font shape `OT1/cmr/m/n' in size <3.59999> not available
(Font)              size <5> substituted on input line 307.

LaTeX Font Info:    Font shape `TU/Montserrat(3)/it/it' will be
(Font)              scaled to size 10.95pt on input line 307.

Package fontspec Info: Font family 'Montserrat(7)' created for font
(fontspec)             'Montserrat' with options [Ligatures=TeX,Path =
(fontspec)             ./fonts/,Extension = .otf,UprightFont =
(fontspec)             *-Medium,BoldFont = *-Medium,ItalicFont =
(fontspec)             *-MediumItalic,BoldItalicFont =
(fontspec)             *-MediumItalic,Ligatures = TeX,Scale =
(fontspec)             1.0,FontFace={xl}{n}{*-ExtraLight},FontFace={xl}{it}{*-E
xtraLightItalic},FontFace={l}{n}{*-Regular},FontFace={l}{it}{*-LightItalic},Fon
tFace={mb}{n}{*-Medium},FontFace={mb}{it}{*-MediumItalic},FontFace={sb}{n}{*-Se
miBold},FontFace={sb}{it}{*-SemiBoldItalic},FontFace={k}{n}{*-Bold},FontFace={k
}{it}{*-BoldItalic},LetterSpace=1.2,LetterSpace=1.2].
(fontspec)              
(fontspec)              This font family consists of the following NFSS
(fontspec)             series/shapes:
(fontspec)              
(fontspec)             - (xl/n) with NFSS spec.:
(fontspec)             <->s*[1.0]"[./fonts/Montserrat-ExtraLight.otf]/OT:script
=latn;language=dflt;letterspace=1.2;letterspace=1.2;mapping=tex-text;"
(fontspec)             -  (xl/sc) with NFSS spec.:
(fontspec)             <->s*[1.0]"[./fonts/Montserrat-ExtraLight.otf]/OT:script
=latn;language=dflt;letterspace=1.2;letterspace=1.2;+smcp;mapping=tex-text;"
(fontspec)             - (xl/it) with NFSS spec.:
(fontspec)             <->s*[1.0]"[./fonts/Montserrat-ExtraLightItalic.otf]/OT:
script=latn;language=dflt;letterspace=1.2;letterspace=1.2;mapping=tex-text;"
(fontspec)             -  (xl/scit) with NFSS spec.:
(fontspec)             <->s*[1.0]"[./fonts/Montserrat-ExtraLightItalic.otf]/OT:
script=latn;language=dflt;letterspace=1.2;letterspace=1.2;+smcp;mapping=tex-tex
t;"
(fontspec)             - (l/n) with NFSS spec.:
(fontspec)             <->s*[1.0]"[./fonts/Montserrat-Regular.otf]/OT:script=la
tn;language=dflt;letterspace=1.2;letterspace=1.2;mapping=tex-text;"
(fontspec)             -  (l/sc) with NFSS spec.:
(fontspec)             <->s*[1.0]"[./fonts/Montserrat-Regular.otf]/OT:script=la
tn;language=dflt;letterspace=1.2;letterspace=1.2;+smcp;mapping=tex-text;"
(fontspec)             - (l/it) with NFSS spec.:
(fontspec)             <->s*[1.0]"[./fonts/Montserrat-LightItalic.otf]/OT:scrip
t=latn;language=dflt;letterspace=1.2;letterspace=1.2;mapping=tex-text;"
(fontspec)             -  (l/scit) with NFSS spec.:
(fontspec)             <->s*[1.0]"[./fonts/Montserrat-LightItalic.otf]/OT:scrip
t=latn;language=dflt;letterspace=1.2;letterspace=1.2;+smcp;mapping=tex-text;"
(fontspec)             - (mb/n) with NFSS spec.:
(fontspec)             <->s*[1.0]"[./fonts/Montserrat-Medium.otf]/OT:script=lat
n;language=dflt;letterspace=1.2;letterspace=1.2;mapping=tex-text;"
(fontspec)             -  (mb/sc) with NFSS spec.:
(fontspec)             <->s*[1.0]"[./fonts/Montserrat-Medium.otf]/OT:script=lat
n;language=dflt;letterspace=1.2;letterspace=1.2;+smcp;mapping=tex-text;"
(fontspec)             - (mb/it) with NFSS spec.:
(fontspec)             <->s*[1.0]"[./fonts/Montserrat-MediumItalic.otf]/OT:scri
pt=latn;language=dflt;letterspace=1.2;letterspace=1.2;mapping=tex-text;"
(fontspec)             -  (mb/scit) with NFSS spec.:
(fontspec)             <->s*[1.0]"[./fonts/Montserrat-MediumItalic.otf]/OT:scri
pt=latn;language=dflt;letterspace=1.2;letterspace=1.2;+smcp;mapping=tex-text;"
(fontspec)             - (sb/n) with NFSS spec.:
(fontspec)             <->s*[1.0]"[./fonts/Montserrat-SemiBold.otf]/OT:script=l
atn;language=dflt;letterspace=1.2;letterspace=1.2;mapping=tex-text;"
(fontspec)             -  (sb/sc) with NFSS spec.:
(fontspec)             <->s*[1.0]"[./fonts/Montserrat-SemiBold.otf]/OT:script=l
atn;language=dflt;letterspace=1.2;letterspace=1.2;+smcp;mapping=tex-text;"
(fontspec)             - (sb/it) with NFSS spec.:
(fontspec)             <->s*[1.0]"[./fonts/Montserrat-SemiBoldItalic.otf]/OT:sc
ript=latn;language=dflt;letterspace=1.2;letterspace=1.2;mapping=tex-text;"
(fontspec)             -  (sb/scit) with NFSS spec.:
(fontspec)             <->s*[1.0]"[./fonts/Montserrat-SemiBoldItalic.otf]/OT:sc
ript=latn;language=dflt;letterspace=1.2;letterspace=1.2;+smcp;mapping=tex-text;
"
(fontspec)             - (k/n) with NFSS spec.:
(fontspec)             <->s*[1.0]"[./fonts/Montserrat-Bold.otf]/OT:script=latn;
language=dflt;letterspace=1.2;letterspace=1.2;mapping=tex-text;"
(fontspec)             -  (k/sc) with NFSS spec.:
(fontspec)             <->s*[1.0]"[./fonts/Montserrat-Bold.otf]/OT:script=latn;
language=dflt;letterspace=1.2;letterspace=1.2;+smcp;mapping=tex-text;"
(fontspec)             - (k/it) with NFSS spec.:
(fontspec)             <->s*[1.0]"[./fonts/Montserrat-BoldItalic.otf]/OT:script
=latn;language=dflt;letterspace=1.2;letterspace=1.2;mapping=tex-text;"
(fontspec)             -  (k/scit) with NFSS spec.:
(fontspec)             <->s*[1.0]"[./fonts/Montserrat-BoldItalic.otf]/OT:script
=latn;language=dflt;letterspace=1.2;letterspace=1.2;+smcp;mapping=tex-text;"
(fontspec)             - 'normal' (m/n) with NFSS spec.:
(fontspec)             <->s*[1.0]"[./fonts/Montserrat-Medium.otf]/OT:script=lat
n;language=dflt;letterspace=1.2;letterspace=1.2;mapping=tex-text;"
(fontspec)             - 'small caps'  (m/sc) with NFSS spec.:
(fontspec)             <->s*[1.0]"[./fonts/Montserrat-Medium.otf]/OT:script=lat
n;language=dflt;letterspace=1.2;letterspace=1.2;+smcp;mapping=tex-text;"
(fontspec)             - 'bold' (b/n) with NFSS spec.:
(fontspec)             <->s*[1.0]"[./fonts/Montserrat-Medium.otf]/OT:script=lat
n;language=dflt;letterspace=1.2;letterspace=1.2;mapping=tex-text;"
(fontspec)             - 'bold small caps'  (b/sc) with NFSS spec.:
(fontspec)             <->s*[1.0]"[./fonts/Montserrat-Medium.otf]/OT:script=lat
n;language=dflt;letterspace=1.2;letterspace=1.2;+smcp;mapping=tex-text;"
(fontspec)             - 'italic' (m/it) with NFSS spec.:
(fontspec)             <->s*[1.0]"[./fonts/Montserrat-MediumItalic.otf]/OT:scri
pt=latn;language=dflt;letterspace=1.2;letterspace=1.2;mapping=tex-text;"
(fontspec)             - 'italic small caps'  (m/scit) with NFSS spec.:
(fontspec)             <->s*[1.0]"[./fonts/Montserrat-MediumItalic.otf]/OT:scri
pt=latn;language=dflt;letterspace=1.2;letterspace=1.2;+smcp;mapping=tex-text;"
(fontspec)             - 'bold italic' (b/it) with NFSS spec.:
(fontspec)             <->s*[1.0]"[./fonts/Montserrat-MediumItalic.otf]/OT:scri
pt=latn;language=dflt;letterspace=1.2;letterspace=1.2;mapping=tex-text;"
(fontspec)             - 'bold italic small caps'  (b/scit) with NFSS spec.:
(fontspec)             <->s*[1.0]"[./fonts/Montserrat-MediumItalic.otf]/OT:scri
pt=latn;language=dflt;letterspace=1.2;letterspace=1.2;+smcp;mapping=tex-text;"


LaTeX Font Warning: Font shape `TU/Montserrat(7)/it/it' undefined
(Font)              using `TU/Montserrat(7)/m/n' instead on input line 307.

LaTeX Font Info:    Font shape `TU/Montserrat(7)/m/n' will be
(Font)              scaled to size 7.2pt on input line 307.
LaTeX Font Info:    Font shape `TU/Montserrat(7)/it/it' will be
(Font)              scaled to size 7.2pt on input line 307.

Underfull \hbox (badness 10000) in paragraph at lines 337--337

 []


Underfull \hbox (badness 10000) in paragraph at lines 366--366

 []


Overfull \hbox (10.09737pt too wide) in paragraph at lines 384--384
[]|[]\TU/Montserrat(4)/k/n/7.5 ACHIEVEMENTS[]| 
 []

! LaTeX Error: Bad math environment delimiter.

See the LaTeX manual or LaTeX Companion for explanation.
Type  H <return>  for immediate help.
 ...                                              
                                                  
l.388 ... \para{\color{customgray}Tech mentoring}}
                                                  %
? 
! LaTeX Error: Bad math environment delimiter.

See the LaTeX manual or LaTeX Companion for explanation.
Type  H <return>  for immediate help.
 ...                                              
                                                  
l.388 ... \para{\color{customgray}Tech mentoring}}
                                                  %
? 

Overfull \hbox (5.7349pt too wide) in paragraph at lines 388--388
[]|[]\TU/Montserrat(4)/k/n/7.5 ACTIVITIES[]| 
 []


! LaTeX Error: Bad math environment delimiter.

See the LaTeX manual or LaTeX Companion for explanation.
Type  H <return>  for immediate help.
 ...                                              
                                                  
l.388 ... \para{\color{customgray}Tech mentoring}}
                                                  %
? 
Package atveryend Info: Empty hook `BeforeClearDocument' on input line 389.
[1

]
Package atveryend Info: Empty hook `AfterLastShipout' on input line 389.
 (./resume.aux)
Package atveryend Info: Empty hook `AtVeryEndDocument' on input line 389.
Package atveryend Info: Executing hook `AtEndAfterFileList' on input line 389.


Package rerunfilecheck Warning: File `resume.out' has changed.
(rerunfilecheck)                Rerun to get outlines right
(rerunfilecheck)                or use package `bookmark'.

Package rerunfilecheck Info: Checksums for `resume.out':
(rerunfilecheck)             Before: <no file>
(rerunfilecheck)             After:  D41D8CD98F00B204E9800998ECF8427E;0.

LaTeX Font Warning: Size substitutions with differences
(Font)              up to 3.0pt have occurred.


LaTeX Font Warning: Some font shapes were not available, defaults substituted.


LaTeX Warning: Label(s) may have changed. Rerun to get cross-references right.

Package atveryend Info: Empty hook `AtVeryVeryEnd' on input line 389.
 ) 
Here is how much of TeX's memory you used:
 15166 strings out of 479819
 308638 string characters out of 5895831
 694181 words of memory out of 5000000
 31995 multiletter control sequences out of 15000+600000
 536325 words of font info for 145 fonts, out of 8000000 for 9000
 1348 hyphenation exceptions out of 8191
 51i,15n,91p,604b,661s stack positions out of 5000i,500n,10000p,200000b,80000s

Output written on resume.pdf (1 page).
